[2025-10-08 23:53:05.503] [INFO] [e2bff620-abe6-48db-b94e-c94c275ba9ca] [General] Test message
[2025-10-08 23:53:05.545] [DEBUG] [bd2e6193-8616-414e-9114-87193ec1ce0b] [General] Test Debug
[2025-10-08 23:53:05.557] [INFO] [bd2e6193-8616-414e-9114-87193ec1ce0b] [General] Test Info
[2025-10-08 23:53:05.560] [WARN] [bd2e6193-8616-414e-9114-87193ec1ce0b] [General] Test Warn
[2025-10-08 23:53:05.564] [ERROR] [bd2e6193-8616-414e-9114-87193ec1ce0b] [General] Test Error
[2025-10-08 23:53:05.568] [FATAL] [bd2e6193-8616-414e-9114-87193ec1ce0b] [General] Test Fatal
[2025-10-08 23:53:05.577] [ERROR] [a79d9da4-9b06-4642-b14b-b4ed358b573b] [General] Test [Code: E001] [Hint: Fix it] [Action: Do this]
[2025-10-08 23:53:05.598] [INFO] [d0c5adb0-9c15-4371-a39d-bddbad797916] [General] Info message
[2025-10-08 23:53:05.608] [WARN] [2303583d-0b66-4508-ba39-d5aa2b56dd37] [General] Warning
[2025-10-08 23:53:05.618] [ERROR] [c701a58f-9e6a-4b0d-a58c-8706f2b4e13f] [General] Error [Code: E001]
[2025-10-08 23:53:22.680] [INFO] [8ff73d71-b715-4801-ae5e-f1b2149b09ca] [General] Test message
[2025-10-08 23:53:22.728] [DEBUG] [7c147515-cebf-41de-ba05-9095a44d4d27] [General] Test Debug
[2025-10-08 23:53:22.732] [INFO] [7c147515-cebf-41de-ba05-9095a44d4d27] [General] Test Info
[2025-10-08 23:53:22.737] [WARN] [7c147515-cebf-41de-ba05-9095a44d4d27] [General] Test Warn
[2025-10-08 23:53:22.742] [ERROR] [7c147515-cebf-41de-ba05-9095a44d4d27] [General] Test Error
[2025-10-08 23:53:22.747] [FATAL] [7c147515-cebf-41de-ba05-9095a44d4d27] [General] Test Fatal
[2025-10-08 23:53:22.764] [ERROR] [72c51472-19da-4023-b8c1-c4481c94de95] [General] Test [Code: E001] [Hint: Fix it] [Action: Do this]
[2025-10-08 23:53:22.785] [INFO] [36b6a797-3dc1-42dc-80d0-b787065a01aa] [General] Info message
[2025-10-08 23:53:22.816] [WARN] [1698790a-6291-4d76-996b-110f7b422d08] [General] Warning
[2025-10-08 23:53:22.833] [ERROR] [254c188b-0dd6-42ea-aee7-6cb8edfd820b] [General] Error [Code: E001]
[2025-10-08 23:53:38.273] [INFO] [9306b7b2-f2de-4f99-9261-c63039a4dfff] [General] Test message
[2025-10-08 23:53:38.311] [DEBUG] [d7c0b5ca-b250-47a4-8be5-d834413dbacd] [General] Test Debug
[2025-10-08 23:53:38.315] [INFO] [d7c0b5ca-b250-47a4-8be5-d834413dbacd] [General] Test Info
[2025-10-08 23:53:38.319] [WARN] [d7c0b5ca-b250-47a4-8be5-d834413dbacd] [General] Test Warn
[2025-10-08 23:53:38.322] [ERROR] [d7c0b5ca-b250-47a4-8be5-d834413dbacd] [General] Test Error
[2025-10-08 23:53:38.326] [FATAL] [d7c0b5ca-b250-47a4-8be5-d834413dbacd] [General] Test Fatal
[2025-10-08 23:53:38.345] [ERROR] [d0aec348-87df-485d-a137-acedbaa75cbc] [General] Test [Code: E001] [Hint: Fix it] [Action: Do this]
[2025-10-08 23:53:38.361] [INFO] [e5d72980-ab9b-4502-a697-37ed1a910457] [General] Info message
[2025-10-08 23:53:38.375] [WARN] [78666df1-6121-4ff4-9f98-6468a14ee2d7] [General] Warning
[2025-10-08 23:53:38.385] [ERROR] [ad404573-dbc2-4148-b6a1-b5288806dec6] [General] Error [Code: E001]
[2025-10-08 23:53:55.069] [INFO] [bccc0205-8388-40cb-86cc-361dba2f032d] [General] Test message
[2025-10-08 23:53:55.110] [DEBUG] [b4fa8513-b9dd-448d-a72c-02fb50b4f465] [General] Test Debug
[2025-10-08 23:53:55.114] [INFO] [b4fa8513-b9dd-448d-a72c-02fb50b4f465] [General] Test Info
[2025-10-08 23:53:55.118] [WARN] [b4fa8513-b9dd-448d-a72c-02fb50b4f465] [General] Test Warn
[2025-10-08 23:53:55.122] [ERROR] [b4fa8513-b9dd-448d-a72c-02fb50b4f465] [General] Test Error
[2025-10-08 23:53:55.126] [FATAL] [b4fa8513-b9dd-448d-a72c-02fb50b4f465] [General] Test Fatal
[2025-10-08 23:53:55.140] [ERROR] [f1d0a6f2-fea8-4e2d-a524-f6d098c896f2] [General] Test [Code: E001] [Hint: Fix it] [Action: Do this]
[2025-10-08 23:53:55.157] [INFO] [4e3cf96e-7256-46cc-a09e-d7ac75ef1dd5] [General] Info message
[2025-10-08 23:53:55.174] [WARN] [bfec31a0-78c5-48b0-bf58-3afa4b4dc08e] [General] Warning
[2025-10-08 23:53:55.185] [ERROR] [e2960386-8e71-402d-84ff-99ca6ef9c876] [General] Error [Code: E001]
[2025-10-08 23:54:23.038] [INFO] [5f3e2494-c6b1-4654-9a81-1e5878da7c6c] [General] Test message
[2025-10-08 23:54:23.083] [DEBUG] [4645b76a-036a-49cf-89af-aa7a15fc240a] [General] Test Debug
[2025-10-08 23:54:23.095] [INFO] [4645b76a-036a-49cf-89af-aa7a15fc240a] [General] Test Info
[2025-10-08 23:54:23.100] [WARN] [4645b76a-036a-49cf-89af-aa7a15fc240a] [General] Test Warn
[2025-10-08 23:54:23.104] [ERROR] [4645b76a-036a-49cf-89af-aa7a15fc240a] [General] Test Error
[2025-10-08 23:54:23.110] [FATAL] [4645b76a-036a-49cf-89af-aa7a15fc240a] [General] Test Fatal
[2025-10-08 23:54:23.119] [ERROR] [3f112bf0-c965-4735-a20e-3a7dc15d6400] [General] Test [Code: E001] [Hint: Fix it] [Action: Do this]
[2025-10-08 23:54:23.136] [INFO] [fba0d440-4721-4de9-81ea-c950bc789983] [General] Info message
[2025-10-08 23:54:23.153] [WARN] [0e1455b5-a54b-47d5-b141-98039b428171] [General] Warning
[2025-10-08 23:54:23.165] [ERROR] [673559bb-ae73-4da5-8a51-1f4d65d838cf] [General] Error [Code: E001]
[2025-10-08 23:54:38.541] [INFO] [d9b2f904-4af0-4417-98e1-d02ec3120d8b] [General] Test message
[2025-10-08 23:54:38.593] [DEBUG] [9ccb73e9-f31b-4959-bee5-9cdcea6b05ec] [General] Test Debug
[2025-10-08 23:54:38.597] [INFO] [9ccb73e9-f31b-4959-bee5-9cdcea6b05ec] [General] Test Info
[2025-10-08 23:54:38.600] [WARN] [9ccb73e9-f31b-4959-bee5-9cdcea6b05ec] [General] Test Warn
[2025-10-08 23:54:38.604] [ERROR] [9ccb73e9-f31b-4959-bee5-9cdcea6b05ec] [General] Test Error
[2025-10-08 23:54:38.607] [FATAL] [9ccb73e9-f31b-4959-bee5-9cdcea6b05ec] [General] Test Fatal
[2025-10-08 23:54:38.620] [ERROR] [a7abde58-aeba-44f5-9466-eb0c0fd66fc6] [General] Test [Code: E001] [Hint: Fix it] [Action: Do this]
[2025-10-08 23:54:38.634] [INFO] [f7200dc7-a122-49ea-9ab7-ad8ca7c8cbfb] [General] Info message
[2025-10-08 23:54:38.644] [WARN] [b154a017-7821-4dac-bce0-80c12b3fbb41] [General] Warning
[2025-10-08 23:54:38.665] [ERROR] [a23e0451-3fa4-49ec-a143-9438383a96ae] [General] Error [Code: E001]
[2025-10-08 23:59:48.297] [INFO] [306feb8b-1095-4250-b654-79046c4bc53a] [General] Test message
[2025-10-08 23:59:48.355] [DEBUG] [3bdd77de-090a-4397-8416-2de524d89e03] [General] Test Debug
[2025-10-08 23:59:48.359] [INFO] [3bdd77de-090a-4397-8416-2de524d89e03] [General] Test Info
[2025-10-08 23:59:48.363] [WARN] [3bdd77de-090a-4397-8416-2de524d89e03] [General] Test Warn
[2025-10-08 23:59:48.367] [ERROR] [3bdd77de-090a-4397-8416-2de524d89e03] [General] Test Error
[2025-10-08 23:59:48.370] [FATAL] [3bdd77de-090a-4397-8416-2de524d89e03] [General] Test Fatal
[2025-10-08 23:59:48.382] [ERROR] [687a04d8-92a2-4c6b-9f81-c5e1a672d46c] [General] Test [Code: E001] [Hint: Fix it] [Action: Do this]
[2025-10-08 23:59:48.395] [INFO] [9f746210-6ab1-4420-94e5-d328ed097231] [General] Info message
[2025-10-08 23:59:48.404] [WARN] [b5c1c404-dd3f-4bde-93a1-c7d8b1153a06] [General] Warning
[2025-10-08 23:59:48.413] [ERROR] [8474d83c-c08b-49bf-8cdd-2040354d6c5d] [General] Error [Code: E001]
[2025-10-09 00:02:31.224] [INFO] [ff195307-536e-4f24-a6bb-993ad462e58e] [General] Test message
[2025-10-09 00:02:31.309] [DEBUG] [030c2502-b400-4f66-9ca4-6bf61e028596] [General] Test Debug
[2025-10-09 00:02:31.314] [INFO] [030c2502-b400-4f66-9ca4-6bf61e028596] [General] Test Info
[2025-10-09 00:02:31.319] [WARN] [030c2502-b400-4f66-9ca4-6bf61e028596] [General] Test Warn
[2025-10-09 00:02:31.324] [ERROR] [030c2502-b400-4f66-9ca4-6bf61e028596] [General] Test Error
[2025-10-09 00:02:31.329] [FATAL] [030c2502-b400-4f66-9ca4-6bf61e028596] [General] Test Fatal
[2025-10-09 00:02:31.339] [ERROR] [cb0479d1-2aec-49ce-984d-bc9391c7e180] [General] Test [Code: E001] [Hint: Fix it] [Action: Do this]
[2025-10-09 00:02:31.360] [INFO] [0224cbb6-6062-4f21-8c09-261f18b590aa] [General] Info message
[2025-10-09 00:02:31.371] [WARN] [0596116a-88f2-4363-b885-abc290f71936] [General] Warning
[2025-10-09 00:02:31.382] [ERROR] [ca82b41d-4612-4cae-8ec0-a644173eda98] [General] Error [Code: E001]
[2025-10-09 00:05:19.766] [INFO] [4994f18f-43de-4d8c-a717-f4da7e8217dc] [General] Test message
[2025-10-09 00:05:19.830] [DEBUG] [0d3f7625-3ca5-4c9e-b7ff-f6d4830f4d0d] [General] Test Debug
[2025-10-09 00:05:19.837] [INFO] [0d3f7625-3ca5-4c9e-b7ff-f6d4830f4d0d] [General] Test Info
[2025-10-09 00:05:19.843] [WARN] [0d3f7625-3ca5-4c9e-b7ff-f6d4830f4d0d] [General] Test Warn
[2025-10-09 00:05:19.856] [ERROR] [0d3f7625-3ca5-4c9e-b7ff-f6d4830f4d0d] [General] Test Error
[2025-10-09 00:05:19.861] [FATAL] [0d3f7625-3ca5-4c9e-b7ff-f6d4830f4d0d] [General] Test Fatal
[2025-10-09 00:05:19.872] [ERROR] [33b6ca18-11ba-4879-a014-d036eca56408] [General] Test [Code: E001] [Hint: Fix it] [Action: Do this]
[2025-10-09 00:05:19.890] [INFO] [30cec614-f26b-4c55-954c-3107bd7d3f30] [General] Info message
[2025-10-09 00:05:19.903] [WARN] [10f3de8f-6b61-40fb-9a7c-e3103e69bfbd] [General] Warning
[2025-10-09 00:05:19.917] [ERROR] [b92eff83-0ac4-4c16-8d82-cf3f37fe6216] [General] Error [Code: E001]
[2025-10-09 00:05:59.665] [INFO] [563383da-a7f5-48e3-9209-cebc61e284a5] [General] Test message
[2025-10-09 00:05:59.714] [DEBUG] [11860066-9544-4d22-9cda-8a0074dd9543] [General] Test Debug
[2025-10-09 00:05:59.719] [INFO] [11860066-9544-4d22-9cda-8a0074dd9543] [General] Test Info
[2025-10-09 00:05:59.730] [WARN] [11860066-9544-4d22-9cda-8a0074dd9543] [General] Test Warn
[2025-10-09 00:05:59.735] [ERROR] [11860066-9544-4d22-9cda-8a0074dd9543] [General] Test Error
[2025-10-09 00:05:59.740] [FATAL] [11860066-9544-4d22-9cda-8a0074dd9543] [General] Test Fatal
[2025-10-09 00:05:59.749] [ERROR] [7ac967b6-44f0-4955-9788-826a9e05e403] [General] Test [Code: E001] [Hint: Fix it] [Action: Do this]
[2025-10-09 00:05:59.763] [INFO] [c120c4fd-ad11-4797-b0bb-66ab1eebc50c] [General] Info message
[2025-10-09 00:05:59.774] [WARN] [c6d72e5e-37b7-45d6-b3a2-2f15c360d4c0] [General] Warning
[2025-10-09 00:05:59.790] [ERROR] [6f2b529f-97e8-43ea-a4ad-bc0b8e44d627] [General] Error [Code: E001]
[2025-10-09 00:17:13.287] [INFO] [0a86cd31-c739-4b1e-ab0f-0b573c637e6e] [General] Test message
[2025-10-09 00:17:13.358] [DEBUG] [ab40f741-4687-4faf-9f98-c53245f3fba0] [General] Test Debug
[2025-10-09 00:17:13.364] [INFO] [ab40f741-4687-4faf-9f98-c53245f3fba0] [General] Test Info
[2025-10-09 00:17:13.372] [WARN] [ab40f741-4687-4faf-9f98-c53245f3fba0] [General] Test Warn
[2025-10-09 00:17:13.384] [ERROR] [ab40f741-4687-4faf-9f98-c53245f3fba0] [General] Test Error
[2025-10-09 00:17:13.390] [FATAL] [ab40f741-4687-4faf-9f98-c53245f3fba0] [General] Test Fatal
[2025-10-09 00:17:13.410] [ERROR] [7629c601-d53a-4683-ad97-a2a5da82c14c] [General] Test [Code: E001] [Hint: Fix it] [Action: Do this]
[2025-10-09 00:17:13.434] [INFO] [d7c7bf45-11ce-4467-b7df-79a7a622812f] [General] Info message
[2025-10-09 00:17:13.469] [WARN] [dcda0434-4c57-4999-8e2a-2fc06b0012cd] [General] Warning
[2025-10-09 00:17:13.481] [ERROR] [34d9aced-e1b2-49eb-b8a7-78d17cf37d39] [General] Error [Code: E001]
[2025-10-09 00:17:48.966] [INFO] [df898bf3-5291-4210-a9fa-a7e248a55fe4] [General] Test message
[2025-10-09 00:17:49.005] [DEBUG] [eaed433e-5a53-4ef9-bf5d-9d759abcfeec] [General] Test Debug
[2025-10-09 00:17:49.009] [INFO] [eaed433e-5a53-4ef9-bf5d-9d759abcfeec] [General] Test Info
[2025-10-09 00:17:49.013] [WARN] [eaed433e-5a53-4ef9-bf5d-9d759abcfeec] [General] Test Warn
[2025-10-09 00:17:49.017] [ERROR] [eaed433e-5a53-4ef9-bf5d-9d759abcfeec] [General] Test Error
[2025-10-09 00:17:49.020] [FATAL] [eaed433e-5a53-4ef9-bf5d-9d759abcfeec] [General] Test Fatal
[2025-10-09 00:17:49.037] [ERROR] [907ac86e-01cd-49af-a726-8185b290037f] [General] Test [Code: E001] [Hint: Fix it] [Action: Do this]
[2025-10-09 00:17:49.049] [INFO] [2216c60c-9343-4c49-bec1-bcee40e13c54] [General] Info message
[2025-10-09 00:17:49.059] [WARN] [6d21f062-f8d8-4415-998b-e522dd071b7a] [General] Warning
[2025-10-09 00:17:49.068] [ERROR] [bf3bbc7f-6448-43ba-9511-43882dc06457] [General] Error [Code: E001]
[2025-10-09 00:18:48.942] [INFO] [d35edeea-3c23-4c5d-96be-24fab5215a7d] [General] Test message
[2025-10-09 00:18:48.990] [DEBUG] [ae4a886f-22ee-4fcd-81d4-100ca51f4a74] [General] Test Debug
[2025-10-09 00:18:48.996] [INFO] [ae4a886f-22ee-4fcd-81d4-100ca51f4a74] [General] Test Info
[2025-10-09 00:18:49.001] [WARN] [ae4a886f-22ee-4fcd-81d4-100ca51f4a74] [General] Test Warn
[2025-10-09 00:18:49.006] [ERROR] [ae4a886f-22ee-4fcd-81d4-100ca51f4a74] [General] Test Error
[2025-10-09 00:18:49.011] [FATAL] [ae4a886f-22ee-4fcd-81d4-100ca51f4a74] [General] Test Fatal
[2025-10-09 00:18:49.027] [ERROR] [eaf62602-2eb7-4f76-9676-7c3240d3f5be] [General] Test [Code: E001] [Hint: Fix it] [Action: Do this]
[2025-10-09 00:18:49.045] [INFO] [a556416b-d5db-4370-b5cb-550935f822c8] [General] Info message
[2025-10-09 00:18:49.056] [WARN] [5e1b2784-95a9-4f9d-8a99-31a1e9f4051f] [General] Warning
[2025-10-09 00:18:49.069] [ERROR] [c8a67f9e-ec58-40b8-b7e8-bcbd4cbafeef] [General] Error [Code: E001]
[2025-10-09 00:19:27.076] [INFO] [b0befede-a902-4f45-aafc-19325d8342c2] [General] Test message
[2025-10-09 00:19:27.126] [DEBUG] [541aa767-821f-47c3-80f6-e3f64f18b74f] [General] Test Debug
[2025-10-09 00:19:27.131] [INFO] [541aa767-821f-47c3-80f6-e3f64f18b74f] [General] Test Info
[2025-10-09 00:19:27.136] [WARN] [541aa767-821f-47c3-80f6-e3f64f18b74f] [General] Test Warn
[2025-10-09 00:19:27.141] [ERROR] [541aa767-821f-47c3-80f6-e3f64f18b74f] [General] Test Error
[2025-10-09 00:19:27.152] [FATAL] [541aa767-821f-47c3-80f6-e3f64f18b74f] [General] Test Fatal
[2025-10-09 00:19:27.162] [ERROR] [b9a945cc-0650-4f58-b46b-2b14f9bc4879] [General] Test [Code: E001] [Hint: Fix it] [Action: Do this]
[2025-10-09 00:19:27.179] [INFO] [17f1be54-74f5-4408-83a9-ecde7852915c] [General] Info message
[2025-10-09 00:19:27.191] [WARN] [7c387c11-f4c0-4fb0-88d8-215eb2fe4bc4] [General] Warning
[2025-10-09 00:19:27.205] [ERROR] [8acf8a95-a2dd-4020-8979-e028d7d63851] [General] Error [Code: E001]
[2025-10-09 00:20:08.366] [INFO] [7a36d21b-b5d7-4c1f-896d-9eca56b78905] [General] Test message
[2025-10-09 00:20:08.434] [DEBUG] [640c351b-d2f5-4dcd-be25-acfd3eeee282] [General] Test Debug
[2025-10-09 00:20:08.441] [INFO] [640c351b-d2f5-4dcd-be25-acfd3eeee282] [General] Test Info
[2025-10-09 00:20:08.447] [WARN] [640c351b-d2f5-4dcd-be25-acfd3eeee282] [General] Test Warn
[2025-10-09 00:20:08.456] [ERROR] [640c351b-d2f5-4dcd-be25-acfd3eeee282] [General] Test Error
[2025-10-09 00:20:08.472] [FATAL] [640c351b-d2f5-4dcd-be25-acfd3eeee282] [General] Test Fatal
[2025-10-09 00:20:08.485] [ERROR] [f0576e45-4942-4ebb-b9e7-bdf546949d35] [General] Test [Code: E001] [Hint: Fix it] [Action: Do this]
[2025-10-09 00:20:08.509] [INFO] [22b892b0-22af-44c7-922b-f4d7644afdf3] [General] Info message
[2025-10-09 00:20:08.526] [WARN] [0e2c8eb7-331f-4090-83a0-ec75a48bbd71] [General] Warning
[2025-10-09 00:20:08.553] [ERROR] [85c860b4-58ff-4f44-9702-6d7960394fab] [General] Error [Code: E001]
[2025-10-09 00:20:54.516] [INFO] [51c6ebd9-c8f8-4d2b-9e18-573c228e9637] [General] Test message
[2025-10-09 00:20:54.576] [DEBUG] [8d3ad73c-e240-4cfd-9056-47bf415fb333] [General] Test Debug
[2025-10-09 00:20:54.582] [INFO] [8d3ad73c-e240-4cfd-9056-47bf415fb333] [General] Test Info
[2025-10-09 00:20:54.588] [WARN] [8d3ad73c-e240-4cfd-9056-47bf415fb333] [General] Test Warn
[2025-10-09 00:20:54.594] [ERROR] [8d3ad73c-e240-4cfd-9056-47bf415fb333] [General] Test Error
[2025-10-09 00:20:54.600] [FATAL] [8d3ad73c-e240-4cfd-9056-47bf415fb333] [General] Test Fatal
[2025-10-09 00:20:54.618] [ERROR] [4c6f7b76-f2bf-4044-8499-41d996671b31] [General] Test [Code: E001] [Hint: Fix it] [Action: Do this]
[2025-10-09 00:20:54.637] [INFO] [65fb99fd-5b9e-4d2f-a42f-79843d18939c] [General] Info message
[2025-10-09 00:20:54.649] [WARN] [7ce48c1b-caf0-48f0-9338-a308fe7abaca] [General] Warning
[2025-10-09 00:20:54.660] [ERROR] [3095c5a8-320e-4b51-877f-4ad25370a27b] [General] Error [Code: E001]
[2025-10-09 00:23:16.267] [INFO] [04c08e34-2595-436b-aeb0-79605e93531b] [General] Test message
[2025-10-09 00:23:16.313] [DEBUG] [01a4782f-a870-4ab2-9ff7-a611ec153c9e] [General] Test Debug
[2025-10-09 00:23:16.318] [INFO] [01a4782f-a870-4ab2-9ff7-a611ec153c9e] [General] Test Info
[2025-10-09 00:23:16.323] [WARN] [01a4782f-a870-4ab2-9ff7-a611ec153c9e] [General] Test Warn
[2025-10-09 00:23:16.328] [ERROR] [01a4782f-a870-4ab2-9ff7-a611ec153c9e] [General] Test Error
[2025-10-09 00:23:16.333] [FATAL] [01a4782f-a870-4ab2-9ff7-a611ec153c9e] [General] Test Fatal
[2025-10-09 00:23:16.349] [ERROR] [66d9fe60-2dd2-4a24-be69-32ccb3808a47] [General] Test [Code: E001] [Hint: Fix it] [Action: Do this]
[2025-10-09 00:23:16.366] [INFO] [2d9dd85b-aee7-441d-939e-afcabed1824c] [General] Info message
[2025-10-09 00:23:16.377] [WARN] [f885ad55-12dc-433d-8ffd-f458953b3b10] [General] Warning
[2025-10-09 00:23:16.389] [ERROR] [44375d14-4958-4571-b4ab-1fdd0b9fb892] [General] Error [Code: E001]
[2025-10-09 00:24:14.645] [INFO] [3a6e1b0f-79b5-4d68-820a-16d06ced4ef1] [General] Test message
[2025-10-09 00:24:14.695] [DEBUG] [083096e4-87e9-4100-b235-ad23f6482bb3] [General] Test Debug
[2025-10-09 00:24:14.700] [INFO] [083096e4-87e9-4100-b235-ad23f6482bb3] [General] Test Info
[2025-10-09 00:24:14.705] [WARN] [083096e4-87e9-4100-b235-ad23f6482bb3] [General] Test Warn
[2025-10-09 00:24:14.709] [ERROR] [083096e4-87e9-4100-b235-ad23f6482bb3] [General] Test Error
[2025-10-09 00:24:14.715] [FATAL] [083096e4-87e9-4100-b235-ad23f6482bb3] [General] Test Fatal
[2025-10-09 00:24:14.730] [ERROR] [89676492-0fcb-4f1a-9656-bb36d607c2a3] [General] Test [Code: E001] [Hint: Fix it] [Action: Do this]
[2025-10-09 00:24:14.747] [INFO] [9d8c3895-67e6-4481-8979-d9c94fcb5f56] [General] Info message
[2025-10-09 00:24:14.759] [WARN] [d72ab452-6e81-465d-8545-ad351c5ea2a9] [General] Warning
[2025-10-09 00:24:14.771] [ERROR] [bfdf665f-40c8-4f4c-80e8-039a4a1e3185] [General] Error [Code: E001]
[2025-10-09 00:24:58.484] [INFO] [c8a0e637-27c2-478f-9469-1c3b573e35b7] [General] Test message
[2025-10-09 00:24:58.534] [DEBUG] [7700dafc-850a-4bed-8fa8-2cda013946b6] [General] Test Debug
[2025-10-09 00:24:58.539] [INFO] [7700dafc-850a-4bed-8fa8-2cda013946b6] [General] Test Info
[2025-10-09 00:24:58.544] [WARN] [7700dafc-850a-4bed-8fa8-2cda013946b6] [General] Test Warn
[2025-10-09 00:24:58.549] [ERROR] [7700dafc-850a-4bed-8fa8-2cda013946b6] [General] Test Error
[2025-10-09 00:24:58.555] [FATAL] [7700dafc-850a-4bed-8fa8-2cda013946b6] [General] Test Fatal
[2025-10-09 00:24:58.569] [ERROR] [5cc5197e-9779-41d0-a830-81358e94d3a4] [General] Test [Code: E001] [Hint: Fix it] [Action: Do this]
[2025-10-09 00:24:58.586] [INFO] [631358c6-e38e-4344-92ce-56fd3ca0fd48] [General] Info message
[2025-10-09 00:24:58.597] [WARN] [f910bee2-a453-4540-98af-73829ac2e2f2] [General] Warning
[2025-10-09 00:24:58.608] [ERROR] [da42b47a-2e13-41da-b2d7-a0b74f8295a4] [General] Error [Code: E001]
[2025-10-09 00:25:45.826] [INFO] [a32bc6f4-e84a-47ea-bbed-13bbe12acf5e] [General] Test message
[2025-10-09 00:25:45.886] [DEBUG] [b43d2b63-ae11-4b51-a563-43ddbde37076] [General] Test Debug
[2025-10-09 00:25:45.892] [INFO] [b43d2b63-ae11-4b51-a563-43ddbde37076] [General] Test Info
[2025-10-09 00:25:45.898] [WARN] [b43d2b63-ae11-4b51-a563-43ddbde37076] [General] Test Warn
[2025-10-09 00:25:45.904] [ERROR] [b43d2b63-ae11-4b51-a563-43ddbde37076] [General] Test Error
[2025-10-09 00:25:45.911] [FATAL] [b43d2b63-ae11-4b51-a563-43ddbde37076] [General] Test Fatal
[2025-10-09 00:25:45.923] [ERROR] [4d220805-81bc-45f5-b4f6-824932586822] [General] Test [Code: E001] [Hint: Fix it] [Action: Do this]
[2025-10-09 00:25:45.951] [INFO] [43ad5a44-91d7-4146-88a6-c6f081658b8c] [General] Info message
[2025-10-09 00:25:45.964] [WARN] [3d0d673a-95fc-4317-9c41-61a507e1d0c3] [General] Warning
[2025-10-09 00:25:45.979] [ERROR] [d9940496-5f78-4b3f-a889-41a5f00ec6fa] [General] Error [Code: E001]
[2025-10-09 00:26:26.602] [INFO] [57bddc1d-0c76-4516-8de7-c99419cc7597] [General] Test message
[2025-10-09 00:26:26.661] [DEBUG] [97e60251-0a5e-46d1-ae1a-d6d6ac99d895] [General] Test Debug
[2025-10-09 00:26:26.666] [INFO] [97e60251-0a5e-46d1-ae1a-d6d6ac99d895] [General] Test Info
[2025-10-09 00:26:26.672] [WARN] [97e60251-0a5e-46d1-ae1a-d6d6ac99d895] [General] Test Warn
[2025-10-09 00:26:26.677] [ERROR] [97e60251-0a5e-46d1-ae1a-d6d6ac99d895] [General] Test Error
[2025-10-09 00:26:26.683] [FATAL] [97e60251-0a5e-46d1-ae1a-d6d6ac99d895] [General] Test Fatal
[2025-10-09 00:26:26.694] [ERROR] [973601d1-af83-4b9a-8723-d844604778c8] [General] Test [Code: E001] [Hint: Fix it] [Action: Do this]
[2025-10-09 00:26:26.718] [INFO] [343caf27-4292-4572-ab2b-11018e5db952] [General] Info message
[2025-10-09 00:26:26.728] [WARN] [4dd3cb62-937f-41d1-b458-1af4185d5308] [General] Warning
[2025-10-09 00:26:26.740] [ERROR] [682a7733-79cf-4a35-bc7c-e5dd121558fa] [General] Error [Code: E001]
[2025-10-09 00:27:28.417] [INFO] [fa77ba72-1d6c-4202-8c40-9b40e1319cb2] [General] Test message
[2025-10-09 00:27:28.460] [DEBUG] [780b7d42-f900-4dce-b760-bc638ba38b50] [General] Test Debug
[2025-10-09 00:27:28.464] [INFO] [780b7d42-f900-4dce-b760-bc638ba38b50] [General] Test Info
[2025-10-09 00:27:28.468] [WARN] [780b7d42-f900-4dce-b760-bc638ba38b50] [General] Test Warn
[2025-10-09 00:27:28.471] [ERROR] [780b7d42-f900-4dce-b760-bc638ba38b50] [General] Test Error
[2025-10-09 00:27:28.475] [FATAL] [780b7d42-f900-4dce-b760-bc638ba38b50] [General] Test Fatal
[2025-10-09 00:27:28.484] [ERROR] [0927e418-cfd3-41cd-aae8-d11de2170977] [General] Test [Code: E001] [Hint: Fix it] [Action: Do this]
[2025-10-09 00:27:28.502] [INFO] [06258491-6cf1-410d-9456-840483e5756d] [General] Info message
[2025-10-09 00:27:28.513] [WARN] [631a43f9-2c84-471f-b121-ef4e3afe7d9d] [General] Warning
[2025-10-09 00:27:28.524] [ERROR] [7ac56134-982a-4ea9-bcf5-66d529f61f4d] [General] Error [Code: E001]
[2025-10-09 00:28:26.946] [INFO] [1b7f0853-9a47-4986-a4f8-5710b9d6e432] [General] Test message
[2025-10-09 00:28:27.002] [DEBUG] [5d990d71-fe51-44d3-a999-8fc1fe7d562f] [General] Test Debug
[2025-10-09 00:28:27.008] [INFO] [5d990d71-fe51-44d3-a999-8fc1fe7d562f] [General] Test Info
[2025-10-09 00:28:27.013] [WARN] [5d990d71-fe51-44d3-a999-8fc1fe7d562f] [General] Test Warn
[2025-10-09 00:28:27.018] [ERROR] [5d990d71-fe51-44d3-a999-8fc1fe7d562f] [General] Test Error
[2025-10-09 00:28:27.023] [FATAL] [5d990d71-fe51-44d3-a999-8fc1fe7d562f] [General] Test Fatal
[2025-10-09 00:28:27.034] [ERROR] [17c55432-fb19-46e6-a638-38c5955378c9] [General] Test [Code: E001] [Hint: Fix it] [Action: Do this]
[2025-10-09 00:28:27.057] [INFO] [c4f89b86-15fd-4503-aa37-8fcc28ba4a29] [General] Info message
[2025-10-09 00:28:27.068] [WARN] [eedde496-41e8-4035-8d89-0570396bdf74] [General] Warning
[2025-10-09 00:28:27.080] [ERROR] [2560d7bb-079e-4eb3-bea6-fa42b7d794d4] [General] Error [Code: E001]
[2025-10-09 00:29:13.522] [INFO] [6c82e7fd-6856-4ac3-a4b4-5fc886c93d22] [General] Test message
[2025-10-09 00:29:13.607] [DEBUG] [008c1b28-a6c2-402b-985d-2339d62ff9dc] [General] Test Debug
[2025-10-09 00:29:13.615] [INFO] [008c1b28-a6c2-402b-985d-2339d62ff9dc] [General] Test Info
[2025-10-09 00:29:13.622] [WARN] [008c1b28-a6c2-402b-985d-2339d62ff9dc] [General] Test Warn
[2025-10-09 00:29:13.629] [ERROR] [008c1b28-a6c2-402b-985d-2339d62ff9dc] [General] Test Error
[2025-10-09 00:29:13.636] [FATAL] [008c1b28-a6c2-402b-985d-2339d62ff9dc] [General] Test Fatal
[2025-10-09 00:29:13.652] [ERROR] [057d8a71-b7ab-4065-84b6-5618bd5dfb50] [General] Test [Code: E001] [Hint: Fix it] [Action: Do this]
[2025-10-09 00:29:13.680] [INFO] [80c3ad2b-76ac-46fd-b53d-4e9ddb506155] [General] Info message
[2025-10-09 00:29:13.696] [WARN] [104c89bd-e254-450e-bbc7-e8e5949db0c0] [General] Warning
[2025-10-09 00:29:13.713] [ERROR] [4e3e051b-c9d9-47b0-944f-a9a64d2488b3] [General] Error [Code: E001]
[2025-10-09 00:33:18.844] [INFO] [0cb56f23-3fee-4536-aa2d-1e3b5f8652fb] [General] Test message
[2025-10-09 00:33:18.893] [DEBUG] [7e7070b4-162c-4c18-9b1a-89d6e21b2428] [General] Test Debug
[2025-10-09 00:33:18.898] [INFO] [7e7070b4-162c-4c18-9b1a-89d6e21b2428] [General] Test Info
[2025-10-09 00:33:18.903] [WARN] [7e7070b4-162c-4c18-9b1a-89d6e21b2428] [General] Test Warn
[2025-10-09 00:33:18.908] [ERROR] [7e7070b4-162c-4c18-9b1a-89d6e21b2428] [General] Test Error
[2025-10-09 00:33:18.913] [FATAL] [7e7070b4-162c-4c18-9b1a-89d6e21b2428] [General] Test Fatal
[2025-10-09 00:33:18.929] [ERROR] [8d447ac6-ace9-4f90-84eb-b1134a94cb85] [General] Test [Code: E001] [Hint: Fix it] [Action: Do this]
[2025-10-09 00:33:18.946] [INFO] [54138f48-354d-4467-aa3d-ba5fadfbf240] [General] Info message
[2025-10-09 00:33:18.957] [WARN] [c22dad6e-9b27-4ba0-8653-0933c7f2da8a] [General] Warning
[2025-10-09 00:33:18.968] [ERROR] [e06d061a-5b9d-442e-b021-f0328bb19546] [General] Error [Code: E001]
[2025-10-09 00:33:38.660] [INFO] [43d9ca64-06f7-4739-9fce-2e03418c8c52] [General] Test message
[2025-10-09 00:33:38.703] [DEBUG] [c3c79932-6497-4e4a-b395-09d464a3e155] [General] Test Debug
[2025-10-09 00:33:38.709] [INFO] [c3c79932-6497-4e4a-b395-09d464a3e155] [General] Test Info
[2025-10-09 00:33:38.715] [WARN] [c3c79932-6497-4e4a-b395-09d464a3e155] [General] Test Warn
[2025-10-09 00:33:38.725] [ERROR] [c3c79932-6497-4e4a-b395-09d464a3e155] [General] Test Error
[2025-10-09 00:33:38.730] [FATAL] [c3c79932-6497-4e4a-b395-09d464a3e155] [General] Test Fatal
[2025-10-09 00:33:38.740] [ERROR] [17c794f6-ddcc-4f24-bfb5-cc53b57891a1] [General] Test [Code: E001] [Hint: Fix it] [Action: Do this]
[2025-10-09 00:33:38.756] [INFO] [6e097d63-5cee-45c4-93be-2ac69d08a052] [General] Info message
[2025-10-09 00:33:38.765] [WARN] [41674ccb-21e8-4df4-8e56-556175d65cff] [General] Warning
[2025-10-09 00:33:38.778] [ERROR] [7c594e24-8f9c-435d-ba95-2cccd9e7630e] [General] Error [Code: E001]
[2025-10-09 00:33:50.574] [INFO] [93860076-4f23-41b9-b4a0-80c721c141aa] [General] Test message
[2025-10-09 00:33:50.616] [DEBUG] [bf658b28-5abf-4b5e-867a-b365835b0955] [General] Test Debug
[2025-10-09 00:33:50.621] [INFO] [bf658b28-5abf-4b5e-867a-b365835b0955] [General] Test Info
[2025-10-09 00:33:50.625] [WARN] [bf658b28-5abf-4b5e-867a-b365835b0955] [General] Test Warn
[2025-10-09 00:33:50.629] [ERROR] [bf658b28-5abf-4b5e-867a-b365835b0955] [General] Test Error
[2025-10-09 00:33:50.633] [FATAL] [bf658b28-5abf-4b5e-867a-b365835b0955] [General] Test Fatal
[2025-10-09 00:33:50.649] [ERROR] [40e984f0-b6e1-49ae-9445-46e08e67e48d] [General] Test [Code: E001] [Hint: Fix it] [Action: Do this]
[2025-10-09 00:33:50.663] [INFO] [d55483ab-591e-4928-b022-18a20368e62a] [General] Info message
[2025-10-09 00:33:50.672] [WARN] [3ab0ac61-4756-4485-8d5d-f14227bc1439] [General] Warning
[2025-10-09 00:33:50.682] [ERROR] [8fb6f3c1-6f69-4357-8e0c-5086158edfdf] [General] Error [Code: E001]
[2025-10-09 00:34:03.952] [INFO] [daca5c9b-51a8-40bb-8c7f-3b55c34bc6e3] [General] Test message
[2025-10-09 00:34:04.011] [DEBUG] [9c332670-fd69-4836-885b-11fb9ee6f81f] [General] Test Debug
[2025-10-09 00:34:04.018] [INFO] [9c332670-fd69-4836-885b-11fb9ee6f81f] [General] Test Info
[2025-10-09 00:34:04.023] [WARN] [9c332670-fd69-4836-885b-11fb9ee6f81f] [General] Test Warn
[2025-10-09 00:34:04.030] [ERROR] [9c332670-fd69-4836-885b-11fb9ee6f81f] [General] Test Error
[2025-10-09 00:34:04.045] [FATAL] [9c332670-fd69-4836-885b-11fb9ee6f81f] [General] Test Fatal
[2025-10-09 00:34:04.058] [ERROR] [1be18270-b113-4959-a931-b3818e3c9533] [General] Test [Code: E001] [Hint: Fix it] [Action: Do this]
[2025-10-09 00:34:04.079] [INFO] [a7b1a213-ce1d-4c26-8e9d-6421be27dec5] [General] Info message
[2025-10-09 00:34:04.093] [WARN] [855220ae-cd56-4b26-82cf-1f83d5840ccb] [General] Warning
[2025-10-09 00:34:04.108] [ERROR] [4ff32fe9-a474-4dd4-a818-b0427a0a35cb] [General] Error [Code: E001]
[2025-10-09 00:34:21.562] [INFO] [8abf88ce-26dc-4fa7-94f2-8c356d1c79ea] [General] Test message
[2025-10-09 00:34:21.621] [DEBUG] [3c25cb0c-2077-43c8-a185-938379045e37] [General] Test Debug
[2025-10-09 00:34:21.627] [INFO] [3c25cb0c-2077-43c8-a185-938379045e37] [General] Test Info
[2025-10-09 00:34:21.634] [WARN] [3c25cb0c-2077-43c8-a185-938379045e37] [General] Test Warn
[2025-10-09 00:34:21.649] [ERROR] [3c25cb0c-2077-43c8-a185-938379045e37] [General] Test Error
[2025-10-09 00:34:21.655] [FATAL] [3c25cb0c-2077-43c8-a185-938379045e37] [General] Test Fatal
[2025-10-09 00:34:21.666] [ERROR] [f0a288e5-208b-49aa-91eb-f77cfd1aef6f] [General] Test [Code: E001] [Hint: Fix it] [Action: Do this]
[2025-10-09 00:34:21.687] [INFO] [dbdef4f5-77d4-4202-b785-2ad6fc5d25b4] [General] Info message
[2025-10-09 00:34:21.700] [WARN] [92737208-0dfc-4f6b-9716-ef3a2ca1e841] [General] Warning
[2025-10-09 00:34:21.720] [ERROR] [77e314d0-aa48-46f0-850a-a0c579178746] [General] Error [Code: E001]
[2025-10-09 00:34:34.080] [INFO] [430c4ed3-c1f1-4e49-830a-984186635ffb] [General] Test message
[2025-10-09 00:34:34.146] [DEBUG] [3c8b62ec-2384-4867-a52c-3d700b3627ff] [General] Test Debug
[2025-10-09 00:34:34.153] [INFO] [3c8b62ec-2384-4867-a52c-3d700b3627ff] [General] Test Info
[2025-10-09 00:34:34.161] [WARN] [3c8b62ec-2384-4867-a52c-3d700b3627ff] [General] Test Warn
[2025-10-09 00:34:34.167] [ERROR] [3c8b62ec-2384-4867-a52c-3d700b3627ff] [General] Test Error
[2025-10-09 00:34:34.181] [FATAL] [3c8b62ec-2384-4867-a52c-3d700b3627ff] [General] Test Fatal
[2025-10-09 00:34:34.195] [ERROR] [124cef0f-39cc-44d6-8cea-a107d780a36b] [General] Test [Code: E001] [Hint: Fix it] [Action: Do this]
[2025-10-09 00:34:34.218] [INFO] [33e6aed1-8fe0-4243-9da0-45e8d838a434] [General] Info message
[2025-10-09 00:34:34.235] [WARN] [b5d460cf-f8e1-4539-b723-e1598e23b6de] [General] Warning
[2025-10-09 00:34:34.263] [ERROR] [f09b9edf-2819-4edb-9939-e7a16f6b88e7] [General] Error [Code: E001]
[2025-10-09 00:34:49.468] [INFO] [004e4925-fd43-4118-bc7d-2d47676047e7] [General] Test message
[2025-10-09 00:34:49.525] [DEBUG] [196deb63-095b-4095-8679-23ecbbc9ea6e] [General] Test Debug
[2025-10-09 00:34:49.531] [INFO] [196deb63-095b-4095-8679-23ecbbc9ea6e] [General] Test Info
[2025-10-09 00:34:49.538] [WARN] [196deb63-095b-4095-8679-23ecbbc9ea6e] [General] Test Warn
[2025-10-09 00:34:49.544] [ERROR] [196deb63-095b-4095-8679-23ecbbc9ea6e] [General] Test Error
[2025-10-09 00:34:49.557] [FATAL] [196deb63-095b-4095-8679-23ecbbc9ea6e] [General] Test Fatal
[2025-10-09 00:34:49.569] [ERROR] [393c000c-78a0-494c-a7c3-3dc0dd6ed65e] [General] Test [Code: E001] [Hint: Fix it] [Action: Do this]
[2025-10-09 00:34:49.586] [INFO] [e7f969a7-75e1-4684-bbeb-24f3b4541a5a] [General] Info message
[2025-10-09 00:34:49.597] [WARN] [6d6f36d2-8666-4c76-b09d-4d3a3a4e8d96] [General] Warning
[2025-10-09 00:34:49.609] [ERROR] [bd470ac8-b566-4320-851d-8f8045e5ab2b] [General] Error [Code: E001]
[2025-10-09 00:35:02.435] [INFO] [7dfc24eb-2035-485b-a642-c762f8855ff8] [General] Test message
[2025-10-09 00:35:02.483] [DEBUG] [4b3d77aa-8749-49b5-b734-1098e36e16ed] [General] Test Debug
[2025-10-09 00:35:02.488] [INFO] [4b3d77aa-8749-49b5-b734-1098e36e16ed] [General] Test Info
[2025-10-09 00:35:02.493] [WARN] [4b3d77aa-8749-49b5-b734-1098e36e16ed] [General] Test Warn
[2025-10-09 00:35:02.499] [ERROR] [4b3d77aa-8749-49b5-b734-1098e36e16ed] [General] Test Error
[2025-10-09 00:35:02.510] [FATAL] [4b3d77aa-8749-49b5-b734-1098e36e16ed] [General] Test Fatal
[2025-10-09 00:35:02.520] [ERROR] [50953d1c-f82f-47f9-aefb-28056392335a] [General] Test [Code: E001] [Hint: Fix it] [Action: Do this]
[2025-10-09 00:35:02.536] [INFO] [579e79ee-718f-4707-90cf-43f67bca40cb] [General] Info message
[2025-10-09 00:35:02.548] [WARN] [c3ff1505-12bc-42bf-91d4-0234271615e6] [General] Warning
[2025-10-09 00:35:02.560] [ERROR] [84f306c5-168d-4dca-ab86-0a8e23d5be7a] [General] Error [Code: E001]
[2025-10-09 00:35:17.237] [INFO] [8a7adb21-f94f-4ab1-b15d-01684ef99555] [General] Test message
[2025-10-09 00:35:17.293] [DEBUG] [ec470f21-4cba-40d5-9d8e-9c91128cd357] [General] Test Debug
[2025-10-09 00:35:17.298] [INFO] [ec470f21-4cba-40d5-9d8e-9c91128cd357] [General] Test Info
[2025-10-09 00:35:17.303] [WARN] [ec470f21-4cba-40d5-9d8e-9c91128cd357] [General] Test Warn
[2025-10-09 00:35:17.307] [ERROR] [ec470f21-4cba-40d5-9d8e-9c91128cd357] [General] Test Error
[2025-10-09 00:35:17.312] [FATAL] [ec470f21-4cba-40d5-9d8e-9c91128cd357] [General] Test Fatal
[2025-10-09 00:35:17.328] [ERROR] [2b1f2569-d150-44af-a148-31019892ea20] [General] Test [Code: E001] [Hint: Fix it] [Action: Do this]
[2025-10-09 00:35:17.343] [INFO] [8dff1f57-268a-4c3d-93f9-41aa5211a1b3] [General] Info message
[2025-10-09 00:35:17.353] [WARN] [7e0ebec3-1b7a-4a49-ba6d-a57bc6f9a511] [General] Warning
[2025-10-09 00:35:17.364] [ERROR] [69cefcbf-8c13-4369-a63d-682128469b79] [General] Error [Code: E001]
[2025-10-09 00:35:35.165] [INFO] [7a4f0112-df31-4421-83fa-767ddca3176f] [General] Test message
[2025-10-09 00:35:35.204] [DEBUG] [d7fbb37d-7053-4bac-8886-fc56dcdf1322] [General] Test Debug
[2025-10-09 00:35:35.209] [INFO] [d7fbb37d-7053-4bac-8886-fc56dcdf1322] [General] Test Info
[2025-10-09 00:35:35.212] [WARN] [d7fbb37d-7053-4bac-8886-fc56dcdf1322] [General] Test Warn
[2025-10-09 00:35:35.216] [ERROR] [d7fbb37d-7053-4bac-8886-fc56dcdf1322] [General] Test Error
[2025-10-09 00:35:35.220] [FATAL] [d7fbb37d-7053-4bac-8886-fc56dcdf1322] [General] Test Fatal
[2025-10-09 00:35:35.233] [ERROR] [9088c0f7-a605-4600-a95b-ba11efb93ef7] [General] Test [Code: E001] [Hint: Fix it] [Action: Do this]
[2025-10-09 00:35:35.247] [INFO] [03611c3d-759a-4516-b43c-1736f788647a] [General] Info message
[2025-10-09 00:35:35.257] [WARN] [8b1aebdf-e427-4e46-85b5-989b328c0f60] [General] Warning
[2025-10-09 00:35:35.266] [ERROR] [cc65d5f2-18f1-4563-86c4-69bb9f64ca71] [General] Error [Code: E001]
[2025-10-09 00:35:49.785] [INFO] [f9e1e615-22a9-411c-b4b5-0dcaffe1db94] [General] Test message
[2025-10-09 00:35:49.830] [DEBUG] [e451ff98-54d1-4b5c-965e-36427d3abbdf] [General] Test Debug
[2025-10-09 00:35:49.834] [INFO] [e451ff98-54d1-4b5c-965e-36427d3abbdf] [General] Test Info
[2025-10-09 00:35:49.839] [WARN] [e451ff98-54d1-4b5c-965e-36427d3abbdf] [General] Test Warn
[2025-10-09 00:35:49.844] [ERROR] [e451ff98-54d1-4b5c-965e-36427d3abbdf] [General] Test Error
[2025-10-09 00:35:49.848] [FATAL] [e451ff98-54d1-4b5c-965e-36427d3abbdf] [General] Test Fatal
[2025-10-09 00:35:49.862] [ERROR] [372361c5-d509-4811-9b6d-db8a2f3c59da] [General] Test [Code: E001] [Hint: Fix it] [Action: Do this]
[2025-10-09 00:35:49.877] [INFO] [7c16364a-3871-4bc3-8d4e-86e5d8e52f7a] [General] Info message
[2025-10-09 00:35:49.889] [WARN] [339a688e-adcd-4c19-8604-84229e8d5b61] [General] Warning
[2025-10-09 00:35:49.901] [ERROR] [f4744073-1da0-4970-971c-9922926cf57e] [General] Error [Code: E001]
[2025-10-09 00:36:05.099] [INFO] [9f0cd17c-a025-4b10-ba63-b4ed9a049adb] [General] Test message
[2025-10-09 00:36:05.156] [DEBUG] [8da5b5ed-35af-4cd8-918a-ed53ee356c6f] [General] Test Debug
[2025-10-09 00:36:05.162] [INFO] [8da5b5ed-35af-4cd8-918a-ed53ee356c6f] [General] Test Info
[2025-10-09 00:36:05.168] [WARN] [8da5b5ed-35af-4cd8-918a-ed53ee356c6f] [General] Test Warn
[2025-10-09 00:36:05.174] [ERROR] [8da5b5ed-35af-4cd8-918a-ed53ee356c6f] [General] Test Error
[2025-10-09 00:36:05.180] [FATAL] [8da5b5ed-35af-4cd8-918a-ed53ee356c6f] [General] Test Fatal
[2025-10-09 00:36:05.199] [ERROR] [404184ca-8df4-49a5-9a40-92f61d174839] [General] Test [Code: E001] [Hint: Fix it] [Action: Do this]
[2025-10-09 00:36:05.218] [INFO] [fdda1104-93c0-40b1-bcca-59b7a53b8839] [General] Info message
[2025-10-09 00:36:05.233] [WARN] [961a101a-6303-4376-89af-d22c85cacd1e] [General] Warning
[2025-10-09 00:36:05.245] [ERROR] [712370a4-876a-46bc-bcdf-46c750473dac] [General] Error [Code: E001]
[2025-10-09 00:36:34.004] [INFO] [87208faf-c288-4c49-a73c-31c9eae0bfe5] [General] Test message
[2025-10-09 00:36:34.069] [DEBUG] [84ad82c0-6173-45d6-a708-37b10e8446f2] [General] Test Debug
[2025-10-09 00:36:34.077] [INFO] [84ad82c0-6173-45d6-a708-37b10e8446f2] [General] Test Info
[2025-10-09 00:36:34.083] [WARN] [84ad82c0-6173-45d6-a708-37b10e8446f2] [General] Test Warn
[2025-10-09 00:36:34.091] [ERROR] [84ad82c0-6173-45d6-a708-37b10e8446f2] [General] Test Error
[2025-10-09 00:36:34.106] [FATAL] [84ad82c0-6173-45d6-a708-37b10e8446f2] [General] Test Fatal
[2025-10-09 00:36:34.118] [ERROR] [0166522b-5d3d-4df7-832f-0a77740855f3] [General] Test [Code: E001] [Hint: Fix it] [Action: Do this]
[2025-10-09 00:36:34.139] [INFO] [f4328c78-2c92-4065-a18f-f79324c68c1a] [General] Info message
[2025-10-09 00:36:34.152] [WARN] [3d5e5b00-7229-4ecc-a046-c4305c3bb416] [General] Warning
[2025-10-09 00:36:34.165] [ERROR] [ded39144-086f-414b-b349-abfbde8f53a5] [General] Error [Code: E001]
[2025-10-09 00:36:46.521] [INFO] [77ef88a2-7655-4985-9bae-f3f0d81f0755] [General] Test message
[2025-10-09 00:36:46.574] [DEBUG] [2abb147f-42b0-4bdc-be49-ae3246fe67de] [General] Test Debug
[2025-10-09 00:36:46.579] [INFO] [2abb147f-42b0-4bdc-be49-ae3246fe67de] [General] Test Info
[2025-10-09 00:36:46.584] [WARN] [2abb147f-42b0-4bdc-be49-ae3246fe67de] [General] Test Warn
[2025-10-09 00:36:46.591] [ERROR] [2abb147f-42b0-4bdc-be49-ae3246fe67de] [General] Test Error
[2025-10-09 00:36:46.598] [FATAL] [2abb147f-42b0-4bdc-be49-ae3246fe67de] [General] Test Fatal
[2025-10-09 00:36:46.616] [ERROR] [7877c6f0-ee7a-4b79-8915-7e1eddd8a6fa] [General] Test [Code: E001] [Hint: Fix it] [Action: Do this]
[2025-10-09 00:36:46.638] [INFO] [fd534ab0-fb34-437f-bf21-3a61a3ead360] [General] Info message
[2025-10-09 00:36:46.651] [WARN] [eb0fa0be-c988-4b89-9fd1-bb38a80c540f] [General] Warning
[2025-10-09 00:36:46.667] [ERROR] [9c076f13-2780-4f67-8267-5ff8be268cc0] [General] Error [Code: E001]
[2025-10-09 00:37:00.403] [INFO] [7c982614-dd36-4ba7-ad95-766e79d8fba3] [General] Test message
[2025-10-09 00:37:00.459] [DEBUG] [1404f4d9-6cd3-40b4-a8d8-e93a8c84df2d] [General] Test Debug
[2025-10-09 00:37:00.465] [INFO] [1404f4d9-6cd3-40b4-a8d8-e93a8c84df2d] [General] Test Info
[2025-10-09 00:37:00.471] [WARN] [1404f4d9-6cd3-40b4-a8d8-e93a8c84df2d] [General] Test Warn
[2025-10-09 00:37:00.477] [ERROR] [1404f4d9-6cd3-40b4-a8d8-e93a8c84df2d] [General] Test Error
[2025-10-09 00:37:00.484] [FATAL] [1404f4d9-6cd3-40b4-a8d8-e93a8c84df2d] [General] Test Fatal
[2025-10-09 00:37:00.505] [ERROR] [b1f83534-5f22-4ad1-a875-ff0d596b017c] [General] Test [Code: E001] [Hint: Fix it] [Action: Do this]
[2025-10-09 00:37:00.526] [INFO] [22b45d29-0da0-41cd-aa2d-3390b95f7fa8] [General] Info message
[2025-10-09 00:37:00.541] [WARN] [84830353-c5a2-4516-a0de-39d8f17884dc] [General] Warning
[2025-10-09 00:37:00.557] [ERROR] [a017ec0f-9cee-4d4b-af93-c9bdf9a83e83] [General] Error [Code: E001]
[2025-10-09 00:37:15.710] [INFO] [562d2418-e32b-4cd1-82d4-a67cc3ddf1f7] [General] Test message
[2025-10-09 00:37:15.771] [DEBUG] [a8e64176-6eaf-4df8-bdfc-5188eaa06ca8] [General] Test Debug
[2025-10-09 00:37:15.777] [INFO] [a8e64176-6eaf-4df8-bdfc-5188eaa06ca8] [General] Test Info
[2025-10-09 00:37:15.784] [WARN] [a8e64176-6eaf-4df8-bdfc-5188eaa06ca8] [General] Test Warn
[2025-10-09 00:37:15.790] [ERROR] [a8e64176-6eaf-4df8-bdfc-5188eaa06ca8] [General] Test Error
[2025-10-09 00:37:15.795] [FATAL] [a8e64176-6eaf-4df8-bdfc-5188eaa06ca8] [General] Test Fatal
[2025-10-09 00:37:15.815] [ERROR] [c64243de-1cdc-4912-acec-9a5b6616ff6d] [General] Test [Code: E001] [Hint: Fix it] [Action: Do this]
[2025-10-09 00:37:15.835] [INFO] [a92d36ca-fdbd-43d6-9f44-2af539298c12] [General] Info message
[2025-10-09 00:37:15.850] [WARN] [d41044b6-4299-44f7-8b20-2794f39c647e] [General] Warning
[2025-10-09 00:37:15.863] [ERROR] [655802ff-50ee-4ba8-be1e-42d0667d0a18] [General] Error [Code: E001]
[2025-10-09 00:37:28.543] [INFO] [1cfc017c-8ddd-4c0f-9211-96be467623c2] [General] Test message
[2025-10-09 00:37:28.601] [DEBUG] [62c03799-21d6-41b6-8db8-47b8afc540c8] [General] Test Debug
[2025-10-09 00:37:28.606] [INFO] [62c03799-21d6-41b6-8db8-47b8afc540c8] [General] Test Info
[2025-10-09 00:37:28.611] [WARN] [62c03799-21d6-41b6-8db8-47b8afc540c8] [General] Test Warn
[2025-10-09 00:37:28.617] [ERROR] [62c03799-21d6-41b6-8db8-47b8afc540c8] [General] Test Error
[2025-10-09 00:37:28.623] [FATAL] [62c03799-21d6-41b6-8db8-47b8afc540c8] [General] Test Fatal
[2025-10-09 00:37:28.638] [ERROR] [fb475c6e-92ba-4b37-9b9d-5339dc84326f] [General] Test [Code: E001] [Hint: Fix it] [Action: Do this]
[2025-10-09 00:37:28.655] [INFO] [b74cec27-62e7-4c1e-b3a6-f072c58a2868] [General] Info message
[2025-10-09 00:37:28.666] [WARN] [d501cd3f-489c-43ab-94cd-c1ec6b500c00] [General] Warning
[2025-10-09 00:37:28.677] [ERROR] [28d4a87b-2b82-42bd-85a4-c7731f9afc6a] [General] Error [Code: E001]
[2025-10-09 00:37:43.650] [INFO] [acf1c285-1274-4249-b8e7-352f63dd363d] [General] Test message
[2025-10-09 00:37:43.712] [DEBUG] [bdd69107-7db3-466a-b6bc-10b71d4a4fc1] [General] Test Debug
[2025-10-09 00:37:43.718] [INFO] [bdd69107-7db3-466a-b6bc-10b71d4a4fc1] [General] Test Info
[2025-10-09 00:37:43.723] [WARN] [bdd69107-7db3-466a-b6bc-10b71d4a4fc1] [General] Test Warn
[2025-10-09 00:37:43.729] [ERROR] [bdd69107-7db3-466a-b6bc-10b71d4a4fc1] [General] Test Error
[2025-10-09 00:37:43.734] [FATAL] [bdd69107-7db3-466a-b6bc-10b71d4a4fc1] [General] Test Fatal
[2025-10-09 00:37:43.744] [ERROR] [21f0ae6a-ae07-48d2-b1e0-5cee2cd9667e] [General] Test [Code: E001] [Hint: Fix it] [Action: Do this]
[2025-10-09 00:37:43.766] [INFO] [a0a566e2-68b2-4e8d-b091-08fc9f8a6612] [General] Info message
[2025-10-09 00:37:43.777] [WARN] [0022a939-e825-4e87-a83a-f76f4f7f829f] [General] Warning
[2025-10-09 00:37:43.790] [ERROR] [c33ded94-9a5c-4eec-a8e3-070178e1fef4] [General] Error [Code: E001]
[2025-10-09 00:38:01.431] [INFO] [4a55a027-8396-463a-98b6-283689c1a0f4] [General] Test message
[2025-10-09 00:38:01.485] [DEBUG] [c40717b8-ad25-433e-bd03-876e798e76f9] [General] Test Debug
[2025-10-09 00:38:01.490] [INFO] [c40717b8-ad25-433e-bd03-876e798e76f9] [General] Test Info
[2025-10-09 00:38:01.495] [WARN] [c40717b8-ad25-433e-bd03-876e798e76f9] [General] Test Warn
[2025-10-09 00:38:01.501] [ERROR] [c40717b8-ad25-433e-bd03-876e798e76f9] [General] Test Error
[2025-10-09 00:38:01.506] [FATAL] [c40717b8-ad25-433e-bd03-876e798e76f9] [General] Test Fatal
[2025-10-09 00:38:01.516] [ERROR] [e7e64d92-d861-443d-b438-24fc7dbc37be] [General] Test [Code: E001] [Hint: Fix it] [Action: Do this]
[2025-10-09 00:38:01.537] [INFO] [f1388168-11bc-46de-8429-c65365060a5a] [General] Info message
[2025-10-09 00:38:01.548] [WARN] [bc513d9b-36af-470b-bdf3-5c05601bde3d] [General] Warning
[2025-10-09 00:38:01.559] [ERROR] [164084de-42d8-4546-93a4-d95e8ecf9242] [General] Error [Code: E001]
[2025-10-09 00:38:33.666] [INFO] [8729b780-cb4a-49f3-aa78-f1830b139bd2] [General] Test message
[2025-10-09 00:38:33.722] [DEBUG] [1d1b0e6c-b71e-4f3c-8773-4a4364e6aaff] [General] Test Debug
[2025-10-09 00:38:33.727] [INFO] [1d1b0e6c-b71e-4f3c-8773-4a4364e6aaff] [General] Test Info
[2025-10-09 00:38:33.733] [WARN] [1d1b0e6c-b71e-4f3c-8773-4a4364e6aaff] [General] Test Warn
[2025-10-09 00:38:33.737] [ERROR] [1d1b0e6c-b71e-4f3c-8773-4a4364e6aaff] [General] Test Error
[2025-10-09 00:38:33.743] [FATAL] [1d1b0e6c-b71e-4f3c-8773-4a4364e6aaff] [General] Test Fatal
[2025-10-09 00:38:33.753] [ERROR] [cd52aefc-4d77-45e0-87d5-35693c599379] [General] Test [Code: E001] [Hint: Fix it] [Action: Do this]
[2025-10-09 00:38:33.776] [INFO] [b7627d46-d2b6-4c80-bc5b-ac0a12def3bc] [General] Info message
[2025-10-09 00:38:33.787] [WARN] [873bd18b-83e1-4f6a-9aba-972f1545e748] [General] Warning
[2025-10-09 00:38:33.799] [ERROR] [ddd72798-02ea-46e0-b385-295e47df21a8] [General] Error [Code: E001]
[2025-10-09 00:38:53.310] [INFO] [c9af4d10-995c-4442-9323-91ca858139b9] [General] Test message
[2025-10-09 00:38:53.368] [DEBUG] [4a01272d-8412-4458-a5b5-cfa09d5b6a1c] [General] Test Debug
[2025-10-09 00:38:53.373] [INFO] [4a01272d-8412-4458-a5b5-cfa09d5b6a1c] [General] Test Info
[2025-10-09 00:38:53.378] [WARN] [4a01272d-8412-4458-a5b5-cfa09d5b6a1c] [General] Test Warn
[2025-10-09 00:38:53.383] [ERROR] [4a01272d-8412-4458-a5b5-cfa09d5b6a1c] [General] Test Error
[2025-10-09 00:38:53.388] [FATAL] [4a01272d-8412-4458-a5b5-cfa09d5b6a1c] [General] Test Fatal
[2025-10-09 00:38:53.398] [ERROR] [fd35caa5-4b11-4835-bb12-eb183d86584c] [General] Test [Code: E001] [Hint: Fix it] [Action: Do this]
[2025-10-09 00:38:53.420] [INFO] [25ce6a43-1a41-4d99-8416-c6433c35e236] [General] Info message
[2025-10-09 00:38:53.431] [WARN] [ac9f926c-1626-4535-b1ea-99e5437d3dc5] [General] Warning
[2025-10-09 00:38:53.441] [ERROR] [83765de8-b6a6-4e9c-9295-85f8cddff426] [General] Error [Code: E001]
[2025-10-09 00:39:11.831] [INFO] [28f97c58-1e70-4c1c-ba67-625cfe40d188] [General] Test message
[2025-10-09 00:39:11.885] [DEBUG] [439e6813-5775-48cd-890f-17103cb68b3e] [General] Test Debug
[2025-10-09 00:39:11.890] [INFO] [439e6813-5775-48cd-890f-17103cb68b3e] [General] Test Info
[2025-10-09 00:39:11.895] [WARN] [439e6813-5775-48cd-890f-17103cb68b3e] [General] Test Warn
[2025-10-09 00:39:11.900] [ERROR] [439e6813-5775-48cd-890f-17103cb68b3e] [General] Test Error
[2025-10-09 00:39:11.904] [FATAL] [439e6813-5775-48cd-890f-17103cb68b3e] [General] Test Fatal
[2025-10-09 00:39:11.914] [ERROR] [3048ae6f-04b3-41dd-8391-0eadfa44ca1f] [General] Test [Code: E001] [Hint: Fix it] [Action: Do this]
[2025-10-09 00:39:11.935] [INFO] [f14d1b78-8177-4b0b-a918-2df71e6987e5] [General] Info message
[2025-10-09 00:39:11.948] [WARN] [d67425bf-a547-45be-8bf9-a657a96a48a5] [General] Warning
[2025-10-09 00:39:11.959] [ERROR] [93569c57-ac8f-4f79-9ee9-db4fb2e6ab0c] [General] Error [Code: E001]
[2025-10-09 00:39:42.696] [INFO] [5bbe01cb-3958-43f6-9bbe-44ecbd4a2786] [General] Test message
[2025-10-09 00:39:42.752] [DEBUG] [e5724e70-2eda-4072-ac7b-bc3177c4f31d] [General] Test Debug
[2025-10-09 00:39:42.757] [INFO] [e5724e70-2eda-4072-ac7b-bc3177c4f31d] [General] Test Info
[2025-10-09 00:39:42.762] [WARN] [e5724e70-2eda-4072-ac7b-bc3177c4f31d] [General] Test Warn
[2025-10-09 00:39:42.768] [ERROR] [e5724e70-2eda-4072-ac7b-bc3177c4f31d] [General] Test Error
[2025-10-09 00:39:42.772] [FATAL] [e5724e70-2eda-4072-ac7b-bc3177c4f31d] [General] Test Fatal
[2025-10-09 00:39:42.782] [ERROR] [686b76ee-73c6-4a4c-8143-5a3ade9211e2] [General] Test [Code: E001] [Hint: Fix it] [Action: Do this]
[2025-10-09 00:39:42.805] [INFO] [05fc5a44-c0ff-4b51-bdd5-883e61bdd944] [General] Info message
[2025-10-09 00:39:42.816] [WARN] [22f252d9-8378-40bf-a2e3-e3e15488505e] [General] Warning
[2025-10-09 00:39:42.828] [ERROR] [b822c99d-9b02-4388-b6d1-cce0957ba7fd] [General] Error [Code: E001]
[2025-10-09 00:45:29.546] [INFO] [661f555b-5ebc-4781-81ca-4f1e5a5d7374] [General] Test message
[2025-10-09 00:45:29.613] [DEBUG] [3463051d-84e6-4427-86df-dd3b6a9bc0cc] [General] Test Debug
[2025-10-09 00:45:29.619] [INFO] [3463051d-84e6-4427-86df-dd3b6a9bc0cc] [General] Test Info
[2025-10-09 00:45:29.626] [WARN] [3463051d-84e6-4427-86df-dd3b6a9bc0cc] [General] Test Warn
[2025-10-09 00:45:29.633] [ERROR] [3463051d-84e6-4427-86df-dd3b6a9bc0cc] [General] Test Error
[2025-10-09 00:45:29.640] [FATAL] [3463051d-84e6-4427-86df-dd3b6a9bc0cc] [General] Test Fatal
[2025-10-09 00:45:29.653] [ERROR] [329497b8-f175-4584-8f42-0ca8c9fb29c7] [General] Test [Code: E001] [Hint: Fix it] [Action: Do this]
[2025-10-09 00:45:29.682] [INFO] [3035fec0-4687-48a7-8323-cdc3d71f1cc9] [General] Info message
[2025-10-09 00:45:29.696] [WARN] [edae0cc0-4b76-4b69-af2d-b96bc9806c43] [General] Warning
[2025-10-09 00:45:29.713] [ERROR] [cd5ac7a2-d42c-460a-9ede-b4e544009eec] [General] Error [Code: E001]
[2025-10-09 00:45:56.851] [INFO] [51ab69b7-0e92-469e-b2c7-624654015b5c] [General] Test message
[2025-10-09 00:45:56.924] [DEBUG] [81ac9372-3996-4ba4-899a-8cc5ba387d12] [General] Test Debug
[2025-10-09 00:45:56.930] [INFO] [81ac9372-3996-4ba4-899a-8cc5ba387d12] [General] Test Info
[2025-10-09 00:45:56.936] [WARN] [81ac9372-3996-4ba4-899a-8cc5ba387d12] [General] Test Warn
[2025-10-09 00:45:56.941] [ERROR] [81ac9372-3996-4ba4-899a-8cc5ba387d12] [General] Test Error
[2025-10-09 00:45:56.947] [FATAL] [81ac9372-3996-4ba4-899a-8cc5ba387d12] [General] Test Fatal
[2025-10-09 00:45:56.959] [ERROR] [cdfaf1b2-0312-4580-b25a-12bf8cb421f5] [General] Test [Code: E001] [Hint: Fix it] [Action: Do this]
[2025-10-09 00:45:56.983] [INFO] [d5993bd4-91ae-4395-8492-44a34e7115f6] [General] Info message
[2025-10-09 00:45:56.995] [WARN] [8f697e31-1495-420c-a1dc-df1987d8d21a] [General] Warning
[2025-10-09 00:45:57.006] [ERROR] [62a25b87-8102-48d3-a96c-4056fa35dc22] [General] Error [Code: E001]
[2025-10-09 00:46:18.334] [INFO] [0f464a53-4c58-4b42-aad8-60d0e2935eef] [General] Test message
[2025-10-09 00:46:18.424] [DEBUG] [f466d075-86d3-41af-86b1-5f6afdd8825b] [General] Test Debug
[2025-10-09 00:46:18.431] [INFO] [f466d075-86d3-41af-86b1-5f6afdd8825b] [General] Test Info
[2025-10-09 00:46:18.437] [WARN] [f466d075-86d3-41af-86b1-5f6afdd8825b] [General] Test Warn
[2025-10-09 00:46:18.443] [ERROR] [f466d075-86d3-41af-86b1-5f6afdd8825b] [General] Test Error
[2025-10-09 00:46:18.450] [FATAL] [f466d075-86d3-41af-86b1-5f6afdd8825b] [General] Test Fatal
[2025-10-09 00:46:18.463] [ERROR] [52d5a46f-38ca-4318-8745-28caf62c107c] [General] Test [Code: E001] [Hint: Fix it] [Action: Do this]
[2025-10-09 00:46:18.499] [INFO] [f6fc0353-dd42-4dbf-a26a-94c77539d99f] [General] Info message
[2025-10-09 00:46:18.538] [WARN] [88d93e17-87f0-4b65-9701-3bc5ed05ca7c] [General] Warning
[2025-10-09 00:46:18.559] [ERROR] [142606ae-9c02-4722-8606-3f1fdab79b97] [General] Error [Code: E001]
[2025-10-09 00:46:31.495] [INFO] [4cbd727f-d374-49c6-b13b-b1b8f195a8e8] [General] Test message
[2025-10-09 00:46:31.589] [DEBUG] [b27c2db0-24a2-49bf-be81-985af0bd76db] [General] Test Debug
[2025-10-09 00:46:31.596] [INFO] [b27c2db0-24a2-49bf-be81-985af0bd76db] [General] Test Info
[2025-10-09 00:46:31.605] [WARN] [b27c2db0-24a2-49bf-be81-985af0bd76db] [General] Test Warn
[2025-10-09 00:46:31.612] [ERROR] [b27c2db0-24a2-49bf-be81-985af0bd76db] [General] Test Error
[2025-10-09 00:46:31.623] [FATAL] [b27c2db0-24a2-49bf-be81-985af0bd76db] [General] Test Fatal
[2025-10-09 00:46:31.638] [ERROR] [37226afb-0d5c-4387-ba29-f027b8fc2af0] [General] Test [Code: E001] [Hint: Fix it] [Action: Do this]
[2025-10-09 00:46:31.669] [INFO] [542fe87b-8f4f-4df0-a069-cb53a825d179] [General] Info message
[2025-10-09 00:46:31.686] [WARN] [6e480276-3e61-4f2f-bf75-6155d6ca1012] [General] Warning
[2025-10-09 00:46:31.705] [ERROR] [a4c57e9b-ce79-4547-b9fc-7977ce4ecfa5] [General] Error [Code: E001]
[2025-10-09 00:46:44.753] [INFO] [dc77344f-3287-456b-a1f1-e00d04681b9d] [General] Test message
[2025-10-09 00:46:44.820] [DEBUG] [c71fa041-f8ca-435f-a7d8-4f0d75f53359] [General] Test Debug
[2025-10-09 00:46:44.825] [INFO] [c71fa041-f8ca-435f-a7d8-4f0d75f53359] [General] Test Info
[2025-10-09 00:46:44.830] [WARN] [c71fa041-f8ca-435f-a7d8-4f0d75f53359] [General] Test Warn
[2025-10-09 00:46:44.834] [ERROR] [c71fa041-f8ca-435f-a7d8-4f0d75f53359] [General] Test Error
[2025-10-09 00:46:44.841] [FATAL] [c71fa041-f8ca-435f-a7d8-4f0d75f53359] [General] Test Fatal
[2025-10-09 00:46:44.853] [ERROR] [86d6474a-402d-4246-a311-c08be7b123e7] [General] Test [Code: E001] [Hint: Fix it] [Action: Do this]
[2025-10-09 00:46:44.877] [INFO] [671738aa-a657-482c-8cb3-7e5a90a41fde] [General] Info message
[2025-10-09 00:46:44.888] [WARN] [2b245613-f5f4-47e9-b6f6-76f266bba2fe] [General] Warning
[2025-10-09 00:46:44.902] [ERROR] [56c95f78-93d9-47d0-87a6-0f924fc207a1] [General] Error [Code: E001]
[2025-10-09 00:53:42.717] [INFO] [d1b49340-ff95-4a39-99ed-e04856824e1b] [General] Test message
[2025-10-09 00:53:42.772] [DEBUG] [f77b55b7-0616-46c1-85e8-57d603436552] [General] Test Debug
[2025-10-09 00:53:42.778] [INFO] [f77b55b7-0616-46c1-85e8-57d603436552] [General] Test Info
[2025-10-09 00:53:42.785] [WARN] [f77b55b7-0616-46c1-85e8-57d603436552] [General] Test Warn
[2025-10-09 00:53:42.792] [ERROR] [f77b55b7-0616-46c1-85e8-57d603436552] [General] Test Error
[2025-10-09 00:53:42.798] [FATAL] [f77b55b7-0616-46c1-85e8-57d603436552] [General] Test Fatal
[2025-10-09 00:53:42.825] [ERROR] [b5e6e310-5a02-4bf3-8eb7-ea223ed2f87a] [General] Test [Code: E001] [Hint: Fix it] [Action: Do this]
[2025-10-09 00:53:42.849] [INFO] [b1137424-cff2-4f7b-8162-967d560a6fa7] [General] Info message
[2025-10-09 00:53:42.865] [WARN] [7af793f0-4283-4670-a922-4eeab1dfbcd4] [General] Warning
[2025-10-09 00:53:42.887] [ERROR] [4f3f3eff-3f2c-4bd7-a4fb-68c55f2c6053] [General] Error [Code: E001]
[2025-10-09 00:54:04.914] [INFO] [38b2ae51-5b52-4658-8c3b-994c73636e8a] [General] Test message
[2025-10-09 00:54:04.954] [DEBUG] [4ee1aa7f-cc75-4984-953b-03a082f46810] [General] Test Debug
[2025-10-09 00:54:04.958] [INFO] [4ee1aa7f-cc75-4984-953b-03a082f46810] [General] Test Info
[2025-10-09 00:54:04.961] [WARN] [4ee1aa7f-cc75-4984-953b-03a082f46810] [General] Test Warn
[2025-10-09 00:54:04.965] [ERROR] [4ee1aa7f-cc75-4984-953b-03a082f46810] [General] Test Error
[2025-10-09 00:54:04.969] [FATAL] [4ee1aa7f-cc75-4984-953b-03a082f46810] [General] Test Fatal
[2025-10-09 00:54:04.977] [ERROR] [90f4976c-4ae4-460d-af71-f5cbebd0b2b5] [General] Test [Code: E001] [Hint: Fix it] [Action: Do this]
[2025-10-09 00:54:04.994] [INFO] [d128b630-3937-4605-b0ce-1f914c50d30f] [General] Info message
[2025-10-09 00:54:05.002] [WARN] [f3157f93-e6cc-49f1-bd3e-36dbf6c1fbb8] [General] Warning
[2025-10-09 00:54:05.011] [ERROR] [6ff276ee-6f2b-4cec-8b18-d63064f87f43] [General] Error [Code: E001]
[2025-10-09 00:54:25.715] [INFO] [eed95953-f39f-4c9e-b1dd-3448569f9b60] [General] Test message
[2025-10-09 00:54:25.778] [DEBUG] [004669de-2e99-48de-b0ce-8d1bc8853a15] [General] Test Debug
[2025-10-09 00:54:25.784] [INFO] [004669de-2e99-48de-b0ce-8d1bc8853a15] [General] Test Info
[2025-10-09 00:54:25.790] [WARN] [004669de-2e99-48de-b0ce-8d1bc8853a15] [General] Test Warn
[2025-10-09 00:54:25.794] [ERROR] [004669de-2e99-48de-b0ce-8d1bc8853a15] [General] Test Error
[2025-10-09 00:54:25.800] [FATAL] [004669de-2e99-48de-b0ce-8d1bc8853a15] [General] Test Fatal
[2025-10-09 00:54:25.811] [ERROR] [875d2809-bd5d-4c26-923a-3d862095a957] [General] Test [Code: E001] [Hint: Fix it] [Action: Do this]
[2025-10-09 00:54:25.840] [INFO] [ef4858a9-e5c3-4ef0-9425-260682c97c7b] [General] Info message
[2025-10-09 00:54:25.854] [WARN] [2e116d85-7b5e-476f-bf6a-1aec651a2cea] [General] Warning
[2025-10-09 00:54:25.869] [ERROR] [f750bea9-9628-4edc-9a2a-b8ed47464dc3] [General] Error [Code: E001]
[2025-10-09 00:54:44.191] [INFO] [eb1c6160-7399-43a9-a08b-b8152a3e62dd] [General] Test message
[2025-10-09 00:54:44.247] [DEBUG] [644999e5-7afb-4965-a5ff-7bcb9298fe47] [General] Test Debug
[2025-10-09 00:54:44.253] [INFO] [644999e5-7afb-4965-a5ff-7bcb9298fe47] [General] Test Info
[2025-10-09 00:54:44.261] [WARN] [644999e5-7afb-4965-a5ff-7bcb9298fe47] [General] Test Warn
[2025-10-09 00:54:44.266] [ERROR] [644999e5-7afb-4965-a5ff-7bcb9298fe47] [General] Test Error
[2025-10-09 00:54:44.271] [FATAL] [644999e5-7afb-4965-a5ff-7bcb9298fe47] [General] Test Fatal
[2025-10-09 00:54:44.288] [ERROR] [e9e48818-32dc-49f3-9412-adfefd34a2f0] [General] Test [Code: E001] [Hint: Fix it] [Action: Do this]
[2025-10-09 00:54:44.305] [INFO] [c562e637-91b9-4ae9-a8f2-a5bea39518f1] [General] Info message
[2025-10-09 00:54:44.316] [WARN] [7f4045bd-5335-4372-91b1-22c1567e5e82] [General] Warning
[2025-10-09 00:54:44.330] [ERROR] [da6f8367-ded8-48e0-82cb-6228fd717447] [General] Error [Code: E001]
[2025-10-09 00:55:05.514] [INFO] [1bbc1838-15bb-4202-8e4d-3b6141e474da] [General] Test message
[2025-10-09 00:55:05.568] [DEBUG] [38ce5545-c642-40c1-8e53-42be52079527] [General] Test Debug
[2025-10-09 00:55:05.574] [INFO] [38ce5545-c642-40c1-8e53-42be52079527] [General] Test Info
[2025-10-09 00:55:05.579] [WARN] [38ce5545-c642-40c1-8e53-42be52079527] [General] Test Warn
[2025-10-09 00:55:05.584] [ERROR] [38ce5545-c642-40c1-8e53-42be52079527] [General] Test Error
[2025-10-09 00:55:05.591] [FATAL] [38ce5545-c642-40c1-8e53-42be52079527] [General] Test Fatal
[2025-10-09 00:55:05.611] [ERROR] [1251b217-056b-41f0-9071-6180353ba8dc] [General] Test [Code: E001] [Hint: Fix it] [Action: Do this]
[2025-10-09 00:55:05.632] [INFO] [5d51b9ef-06e2-467b-b7d4-49ecbd7313b6] [General] Info message
[2025-10-09 00:55:05.647] [WARN] [ed060686-c48f-4aa0-81bd-5ede84eed4f4] [General] Warning
[2025-10-09 00:55:05.660] [ERROR] [f3c63e20-7b85-4b5c-9465-3690c47398fc] [General] Error [Code: E001]
[2025-10-09 00:55:26.215] [INFO] [631bb869-1143-4f9c-8fdb-3bc8d0c02f95] [General] Test message
[2025-10-09 00:55:26.282] [DEBUG] [20f84c81-5160-4208-a6b8-99e97528d951] [General] Test Debug
[2025-10-09 00:55:26.289] [INFO] [20f84c81-5160-4208-a6b8-99e97528d951] [General] Test Info
[2025-10-09 00:55:26.297] [WARN] [20f84c81-5160-4208-a6b8-99e97528d951] [General] Test Warn
[2025-10-09 00:55:26.303] [ERROR] [20f84c81-5160-4208-a6b8-99e97528d951] [General] Test Error
[2025-10-09 00:55:26.310] [FATAL] [20f84c81-5160-4208-a6b8-99e97528d951] [General] Test Fatal
[2025-10-09 00:55:26.333] [ERROR] [2b2a1ea5-d96e-4651-974f-b7a974efdbd0] [General] Test [Code: E001] [Hint: Fix it] [Action: Do this]
[2025-10-09 00:55:26.354] [INFO] [8174558c-ba7e-42c5-a348-8c603d1938e9] [General] Info message
[2025-10-09 00:55:26.371] [WARN] [6ea62795-ab99-45e4-b6c1-1ae90a8034a0] [General] Warning
[2025-10-09 00:55:26.385] [ERROR] [7941f865-aa23-43f0-a8d2-a152cdda88e2] [General] Error [Code: E001]
[2025-10-09 00:55:43.339] [INFO] [6468fc48-2eaf-4e75-88fc-0e9e68864226] [General] Test message
[2025-10-09 00:55:43.391] [DEBUG] [419f646a-111b-48fc-8d2f-fc0e5108d8c7] [General] Test Debug
[2025-10-09 00:55:43.397] [INFO] [419f646a-111b-48fc-8d2f-fc0e5108d8c7] [General] Test Info
[2025-10-09 00:55:43.402] [WARN] [419f646a-111b-48fc-8d2f-fc0e5108d8c7] [General] Test Warn
[2025-10-09 00:55:43.407] [ERROR] [419f646a-111b-48fc-8d2f-fc0e5108d8c7] [General] Test Error
[2025-10-09 00:55:43.412] [FATAL] [419f646a-111b-48fc-8d2f-fc0e5108d8c7] [General] Test Fatal
[2025-10-09 00:55:43.432] [ERROR] [42b3f035-4ed3-46ff-9dba-b0b5742171cd] [General] Test [Code: E001] [Hint: Fix it] [Action: Do this]
[2025-10-09 00:55:43.451] [INFO] [d7469b0e-0061-4b16-9387-6db81da175c1] [General] Info message
[2025-10-09 00:55:43.463] [WARN] [0f54407d-fbb7-452d-9aa8-e0b70e7d3705] [General] Warning
[2025-10-09 00:55:43.474] [ERROR] [e1f78697-e06e-4b92-80c3-b244fee5de32] [General] Error [Code: E001]
[2025-10-09 00:56:06.022] [INFO] [664389a8-2a42-4795-baa9-55eccd471dda] [General] Test message
[2025-10-09 00:56:06.077] [DEBUG] [8b2d107e-9bcb-4518-9c1e-cbfc31f1d354] [General] Test Debug
[2025-10-09 00:56:06.082] [INFO] [8b2d107e-9bcb-4518-9c1e-cbfc31f1d354] [General] Test Info
[2025-10-09 00:56:06.087] [WARN] [8b2d107e-9bcb-4518-9c1e-cbfc31f1d354] [General] Test Warn
[2025-10-09 00:56:06.093] [ERROR] [8b2d107e-9bcb-4518-9c1e-cbfc31f1d354] [General] Test Error
[2025-10-09 00:56:06.099] [FATAL] [8b2d107e-9bcb-4518-9c1e-cbfc31f1d354] [General] Test Fatal
[2025-10-09 00:56:06.119] [ERROR] [edf3dec4-745b-4188-9d98-146b93a33bf3] [General] Test [Code: E001] [Hint: Fix it] [Action: Do this]
[2025-10-09 00:56:06.139] [INFO] [f6afbb46-79ea-49a8-80fb-5d907e661e86] [General] Info message
[2025-10-09 00:56:06.156] [WARN] [aac2e22f-0f81-4503-8516-93b8fc1ecaca] [General] Warning
[2025-10-09 00:56:06.169] [ERROR] [ef4db6ff-0588-452a-9484-438253d6417e] [General] Error [Code: E001]
[2025-10-09 00:56:29.100] [INFO] [3b732306-3393-48b2-b025-ba1cfb4db4b1] [General] Test message
[2025-10-09 00:56:29.162] [DEBUG] [6327aa6b-0d60-4f85-be71-2317a46b5417] [General] Test Debug
[2025-10-09 00:56:29.168] [INFO] [6327aa6b-0d60-4f85-be71-2317a46b5417] [General] Test Info
[2025-10-09 00:56:29.174] [WARN] [6327aa6b-0d60-4f85-be71-2317a46b5417] [General] Test Warn
[2025-10-09 00:56:29.181] [ERROR] [6327aa6b-0d60-4f85-be71-2317a46b5417] [General] Test Error
[2025-10-09 00:56:29.189] [FATAL] [6327aa6b-0d60-4f85-be71-2317a46b5417] [General] Test Fatal
[2025-10-09 00:56:29.209] [ERROR] [7092bcbd-0ba8-49d2-9c97-3f6fb5851950] [General] Test [Code: E001] [Hint: Fix it] [Action: Do this]
[2025-10-09 00:56:29.230] [INFO] [5f7165f4-a9b8-4a30-8d5d-536b0cc2df42] [General] Info message
[2025-10-09 00:56:29.242] [WARN] [bf1f3907-79b2-4bfb-84cb-0869eaebd2d1] [General] Warning
[2025-10-09 00:56:29.252] [ERROR] [833dd497-ae97-4853-a675-674cd40a6d42] [General] Error [Code: E001]
[2025-10-09 00:58:23.366] [INFO] [23cd8fe6-c378-441a-9978-7801f211c476] [General] Test message
[2025-10-09 00:58:23.417] [DEBUG] [f64d8313-79ba-4702-8452-5bb33fa7f8d0] [General] Test Debug
[2025-10-09 00:58:23.422] [INFO] [f64d8313-79ba-4702-8452-5bb33fa7f8d0] [General] Test Info
[2025-10-09 00:58:23.426] [WARN] [f64d8313-79ba-4702-8452-5bb33fa7f8d0] [General] Test Warn
[2025-10-09 00:58:23.431] [ERROR] [f64d8313-79ba-4702-8452-5bb33fa7f8d0] [General] Test Error
[2025-10-09 00:58:23.436] [FATAL] [f64d8313-79ba-4702-8452-5bb33fa7f8d0] [General] Test Fatal
[2025-10-09 00:58:23.452] [ERROR] [74f8b3a1-4a68-4671-9837-3a90226f0c17] [General] Test [Code: E001] [Hint: Fix it] [Action: Do this]
[2025-10-09 00:58:23.469] [INFO] [71781a0b-a9dc-4a20-b03c-fb71e91baf42] [General] Info message
[2025-10-09 00:58:23.485] [WARN] [cb9848de-ebf6-4036-873d-7ff7ea4e6e93] [General] Warning
[2025-10-09 00:58:23.500] [ERROR] [67549b02-582e-4894-8e55-a1c8b40125da] [General] Error [Code: E001]
[2025-10-09 00:58:59.178] [INFO] [cc7d6d94-92c6-41cd-8c76-8a19ff6860e7] [General] Test message
[2025-10-09 00:58:59.235] [DEBUG] [e1bb61cb-a90b-43ae-9b27-027dda5b40c3] [General] Test Debug
[2025-10-09 00:58:59.241] [INFO] [e1bb61cb-a90b-43ae-9b27-027dda5b40c3] [General] Test Info
[2025-10-09 00:58:59.246] [WARN] [e1bb61cb-a90b-43ae-9b27-027dda5b40c3] [General] Test Warn
[2025-10-09 00:58:59.250] [ERROR] [e1bb61cb-a90b-43ae-9b27-027dda5b40c3] [General] Test Error
[2025-10-09 00:58:59.255] [FATAL] [e1bb61cb-a90b-43ae-9b27-027dda5b40c3] [General] Test Fatal
[2025-10-09 00:58:59.266] [ERROR] [74d7be7c-b067-419f-a532-28564780905d] [General] Test [Code: E001] [Hint: Fix it] [Action: Do this]
[2025-10-09 00:58:59.289] [INFO] [2db6bc3a-64f3-4984-beaf-cc49ca7111c4] [General] Info message
[2025-10-09 00:58:59.301] [WARN] [8974ef96-9514-4616-9b57-e8e506bf6d19] [General] Warning
[2025-10-09 00:58:59.315] [ERROR] [6e5520ff-10d1-4b4c-934d-10c8ac91d2fc] [General] Error [Code: E001]
[2025-10-09 00:59:24.851] [INFO] [2dd2cc77-3709-47c8-b8d2-b799dcd3f4ab] [General] Test message
[2025-10-09 00:59:24.926] [DEBUG] [41924b7a-3065-4374-b9ab-b288afc4172c] [General] Test Debug
[2025-10-09 00:59:24.934] [INFO] [41924b7a-3065-4374-b9ab-b288afc4172c] [General] Test Info
[2025-10-09 00:59:24.941] [WARN] [41924b7a-3065-4374-b9ab-b288afc4172c] [General] Test Warn
[2025-10-09 00:59:24.949] [ERROR] [41924b7a-3065-4374-b9ab-b288afc4172c] [General] Test Error
[2025-10-09 00:59:24.956] [FATAL] [41924b7a-3065-4374-b9ab-b288afc4172c] [General] Test Fatal
[2025-10-09 00:59:24.970] [ERROR] [e160fa42-7187-4d64-b53d-4fff457bcf3f] [General] Test [Code: E001] [Hint: Fix it] [Action: Do this]
[2025-10-09 00:59:24.994] [INFO] [86efaf6f-975f-4c9d-9464-3d111c8d248b] [General] Info message
[2025-10-09 00:59:25.018] [WARN] [b062b256-a807-436f-83b9-ba7e4824701f] [General] Warning
[2025-10-09 00:59:25.033] [ERROR] [a59496bb-121c-408e-8511-7ca050336a45] [General] Error [Code: E001]
[2025-10-09 01:00:02.254] [INFO] [3ea7cca6-eb90-4a25-a52c-6e05702df105] [General] Test message
[2025-10-09 01:00:02.306] [DEBUG] [1a423b5f-3a04-44b9-9ecf-052116565678] [General] Test Debug
[2025-10-09 01:00:02.311] [INFO] [1a423b5f-3a04-44b9-9ecf-052116565678] [General] Test Info
[2025-10-09 01:00:02.317] [WARN] [1a423b5f-3a04-44b9-9ecf-052116565678] [General] Test Warn
[2025-10-09 01:00:02.327] [ERROR] [1a423b5f-3a04-44b9-9ecf-052116565678] [General] Test Error
[2025-10-09 01:00:02.334] [FATAL] [1a423b5f-3a04-44b9-9ecf-052116565678] [General] Test Fatal
[2025-10-09 01:00:02.346] [ERROR] [a2144cae-9071-4f5b-aa09-918ba7d72f17] [General] Test [Code: E001] [Hint: Fix it] [Action: Do this]
[2025-10-09 01:00:02.366] [INFO] [9b0ec25a-9ad5-484b-88f2-f678d3eacf55] [General] Info message
[2025-10-09 01:00:02.379] [WARN] [16990304-f6c5-4660-b5e6-559c3febccfd] [General] Warning
[2025-10-09 01:00:02.393] [ERROR] [72b9d94a-27e9-407f-9a7f-42c04c9eeaa4] [General] Error [Code: E001]
[2025-10-09 01:04:28.441] [INFO] [fea41352-7e1b-4cd7-9593-b49389b7aabb] [General] Test message
[2025-10-09 01:04:28.497] [DEBUG] [c6ba658e-8870-425d-99a2-37835828e1ee] [General] Test Debug
[2025-10-09 01:04:28.504] [INFO] [c6ba658e-8870-425d-99a2-37835828e1ee] [General] Test Info
[2025-10-09 01:04:28.516] [WARN] [c6ba658e-8870-425d-99a2-37835828e1ee] [General] Test Warn
[2025-10-09 01:04:28.522] [ERROR] [c6ba658e-8870-425d-99a2-37835828e1ee] [General] Test Error
[2025-10-09 01:04:28.528] [FATAL] [c6ba658e-8870-425d-99a2-37835828e1ee] [General] Test Fatal
[2025-10-09 01:04:28.539] [ERROR] [c075a94c-2f68-4d35-9709-79760b2d0009] [General] Test [Code: E001] [Hint: Fix it] [Action: Do this]
[2025-10-09 01:04:28.562] [INFO] [3f4b55d0-28ee-403d-96d1-b48d6f9a75c2] [General] Info message
[2025-10-09 01:04:28.576] [WARN] [d0bac8fe-1039-4ba9-b613-5237b7fee3e5] [General] Warning
[2025-10-09 01:04:28.596] [ERROR] [9b6890f7-f7c5-4767-9791-987064206139] [General] Error [Code: E001]
[2025-10-09 01:05:17.984] [INFO] [32f5f5e2-c329-4259-86fe-a565e7733fa8] [General] Test message
[2025-10-09 01:05:18.056] [DEBUG] [6d76d8dd-55c0-4e83-a144-82729e69a532] [General] Test Debug
[2025-10-09 01:05:18.061] [INFO] [6d76d8dd-55c0-4e83-a144-82729e69a532] [General] Test Info
[2025-10-09 01:05:18.066] [WARN] [6d76d8dd-55c0-4e83-a144-82729e69a532] [General] Test Warn
[2025-10-09 01:05:18.073] [ERROR] [6d76d8dd-55c0-4e83-a144-82729e69a532] [General] Test Error
[2025-10-09 01:05:18.081] [FATAL] [6d76d8dd-55c0-4e83-a144-82729e69a532] [General] Test Fatal
[2025-10-09 01:05:18.092] [ERROR] [96af80ba-5e5e-4cf3-b389-7f833f740a39] [General] Test [Code: E001] [Hint: Fix it] [Action: Do this]
[2025-10-09 01:05:18.113] [INFO] [92ebf777-1ecb-42d8-b6bd-6ac92779b8f9] [General] Info message
[2025-10-09 01:05:18.130] [WARN] [1d286d81-8171-4ea5-b8e9-10257526c13f] [General] Warning
[2025-10-09 01:05:18.148] [ERROR] [3b90cc55-54ac-48f5-8f9e-358c5c8e3f6a] [General] Error [Code: E001]
[2025-10-09 01:08:27.207] [INFO] [2915b64d-0d5d-4b71-bcaf-cab22db30f1f] [General] Test message
[2025-10-09 01:08:27.296] [DEBUG] [c7f3384a-30a8-4cc8-9fdb-fb3cb004d27c] [General] Test Debug
[2025-10-09 01:08:27.303] [INFO] [c7f3384a-30a8-4cc8-9fdb-fb3cb004d27c] [General] Test Info
[2025-10-09 01:08:27.311] [WARN] [c7f3384a-30a8-4cc8-9fdb-fb3cb004d27c] [General] Test Warn
[2025-10-09 01:08:27.320] [ERROR] [c7f3384a-30a8-4cc8-9fdb-fb3cb004d27c] [General] Test Error
[2025-10-09 01:08:27.336] [FATAL] [c7f3384a-30a8-4cc8-9fdb-fb3cb004d27c] [General] Test Fatal
[2025-10-09 01:08:27.351] [ERROR] [f098d981-ac9a-4eba-8743-a56fac97172a] [General] Test [Code: E001] [Hint: Fix it] [Action: Do this]
[2025-10-09 01:08:27.377] [INFO] [ad922c67-33ec-4e56-b234-1ca30b917ade] [General] Info message
[2025-10-09 01:08:27.394] [WARN] [1e9bd3a5-f1da-44d3-8cac-90e07b28e257] [General] Warning
[2025-10-09 01:08:27.414] [ERROR] [89818a99-633a-43d0-a8a5-bc4de59c22ea] [General] Error [Code: E001]
[2025-10-09 01:15:27.326] [INFO] [3d09939c-ce39-4fa0-a250-80c6bc4140c2] [General] Test message
[2025-10-09 01:15:27.397] [DEBUG] [ff50dd07-c0bf-437c-8ecf-d26e5a3d3a9e] [General] Test Debug
[2025-10-09 01:15:27.403] [INFO] [ff50dd07-c0bf-437c-8ecf-d26e5a3d3a9e] [General] Test Info
[2025-10-09 01:15:27.411] [WARN] [ff50dd07-c0bf-437c-8ecf-d26e5a3d3a9e] [General] Test Warn
[2025-10-09 01:15:27.419] [ERROR] [ff50dd07-c0bf-437c-8ecf-d26e5a3d3a9e] [General] Test Error
[2025-10-09 01:15:27.424] [FATAL] [ff50dd07-c0bf-437c-8ecf-d26e5a3d3a9e] [General] Test Fatal
[2025-10-09 01:15:27.436] [ERROR] [81965e1a-2277-47e6-b7eb-08d6f0a042f9] [General] Test [Code: E001] [Hint: Fix it] [Action: Do this]
[2025-10-09 01:15:27.457] [INFO] [0a736339-6d38-4a89-9a59-2877ce9d2175] [General] Info message
[2025-10-09 01:15:27.476] [WARN] [19b28840-1c7e-483c-ae3f-f5dd90d94849] [General] Warning
[2025-10-09 01:15:27.494] [ERROR] [5707275a-5dc6-4b7d-9201-650f66efbb18] [General] Error [Code: E001]
[2025-10-09 01:17:10.419] [INFO] [a054875d-df0c-451b-92d3-9f083b2f9143] [General] Test message
[2025-10-09 01:17:10.494] [DEBUG] [7bb9c199-b086-482f-a54b-f08da0a1a31a] [General] Test Debug
[2025-10-09 01:17:10.502] [INFO] [7bb9c199-b086-482f-a54b-f08da0a1a31a] [General] Test Info
[2025-10-09 01:17:10.511] [WARN] [7bb9c199-b086-482f-a54b-f08da0a1a31a] [General] Test Warn
[2025-10-09 01:17:10.521] [ERROR] [7bb9c199-b086-482f-a54b-f08da0a1a31a] [General] Test Error
[2025-10-09 01:17:10.527] [FATAL] [7bb9c199-b086-482f-a54b-f08da0a1a31a] [General] Test Fatal
[2025-10-09 01:17:10.553] [ERROR] [e0886c2c-7944-4df8-b3f1-02d109fe6f77] [General] Test [Code: E001] [Hint: Fix it] [Action: Do this]
[2025-10-09 01:17:10.578] [INFO] [ab563dde-02e4-435a-9d63-30d0040a79d8] [General] Info message
[2025-10-09 01:17:10.599] [WARN] [d0a3923e-8f47-4ea9-b1ba-e8d56c14038e] [General] Warning
[2025-10-09 01:17:10.617] [ERROR] [90500a39-413d-4379-b873-d8e8626c5f66] [General] Error [Code: E001]
[2025-10-09 01:17:27.896] [INFO] [587ef9c3-b286-46a8-a849-aba1c940d572] [General] Test message
[2025-10-09 01:17:27.971] [DEBUG] [08319607-5f89-4e8b-988d-70c37b6a8dea] [General] Test Debug
[2025-10-09 01:17:27.977] [INFO] [08319607-5f89-4e8b-988d-70c37b6a8dea] [General] Test Info
[2025-10-09 01:17:27.982] [WARN] [08319607-5f89-4e8b-988d-70c37b6a8dea] [General] Test Warn
[2025-10-09 01:17:27.989] [ERROR] [08319607-5f89-4e8b-988d-70c37b6a8dea] [General] Test Error
[2025-10-09 01:17:27.996] [FATAL] [08319607-5f89-4e8b-988d-70c37b6a8dea] [General] Test Fatal
[2025-10-09 01:17:28.010] [ERROR] [eb9f6608-5d9f-4b48-9a44-5483d420d269] [General] Test [Code: E001] [Hint: Fix it] [Action: Do this]
[2025-10-09 01:17:28.034] [INFO] [0d3855e7-2757-4bb8-a485-5b53f6fe8954] [General] Info message
[2025-10-09 01:17:28.053] [WARN] [7b4f031d-2694-4850-b22f-ab4b7dbce750] [General] Warning
[2025-10-09 01:17:28.074] [ERROR] [2ea9024d-1284-4907-9bc5-1f28eabc0a55] [General] Error [Code: E001]
[2025-10-09 01:18:31.537] [INFO] [5188441d-06f8-4393-bd24-7721ae8acd74] [General] Test message
[2025-10-09 01:18:31.583] [DEBUG] [8ac3bd52-8c06-43c3-b84f-ca24b97b40f1] [General] Test Debug
[2025-10-09 01:18:31.594] [INFO] [8ac3bd52-8c06-43c3-b84f-ca24b97b40f1] [General] Test Info
[2025-10-09 01:18:31.599] [WARN] [8ac3bd52-8c06-43c3-b84f-ca24b97b40f1] [General] Test Warn
[2025-10-09 01:18:31.604] [ERROR] [8ac3bd52-8c06-43c3-b84f-ca24b97b40f1] [General] Test Error
[2025-10-09 01:18:31.609] [FATAL] [8ac3bd52-8c06-43c3-b84f-ca24b97b40f1] [General] Test Fatal
[2025-10-09 01:18:31.618] [ERROR] [aa762e96-a140-4344-8938-a46b91e21db5] [General] Test [Code: E001] [Hint: Fix it] [Action: Do this]
[2025-10-09 01:18:31.635] [INFO] [9d952f39-f369-4b40-bb91-9b16b2a85e5d] [General] Info message
[2025-10-09 01:18:31.652] [WARN] [043afbfd-279f-466f-8363-5a4c1e29c33c] [General] Warning
[2025-10-09 01:18:31.664] [ERROR] [d4d53079-dff9-45b5-8255-ce5c157f15cc] [General] Error [Code: E001]
[2025-10-09 01:19:12.296] [INFO] [306480e3-2fd2-474f-9b43-1cc4d21162d2] [General] Test message
[2025-10-09 01:19:12.357] [DEBUG] [013c9eeb-c1d4-47eb-9285-b1040b9da14b] [General] Test Debug
[2025-10-09 01:19:12.372] [INFO] [013c9eeb-c1d4-47eb-9285-b1040b9da14b] [General] Test Info
[2025-10-09 01:19:12.378] [WARN] [013c9eeb-c1d4-47eb-9285-b1040b9da14b] [General] Test Warn
[2025-10-09 01:19:12.385] [ERROR] [013c9eeb-c1d4-47eb-9285-b1040b9da14b] [General] Test Error
[2025-10-09 01:19:12.391] [FATAL] [013c9eeb-c1d4-47eb-9285-b1040b9da14b] [General] Test Fatal
[2025-10-09 01:19:12.403] [ERROR] [2e42fa1f-e681-467d-8670-51091363be60] [General] Test [Code: E001] [Hint: Fix it] [Action: Do this]
[2025-10-09 01:19:12.426] [INFO] [1a9e6e7f-8317-4c43-9166-6131ebf1aed2] [General] Info message
[2025-10-09 01:19:12.450] [WARN] [476957f2-df8b-4f55-b467-4faa8be52112] [General] Warning
[2025-10-09 01:19:12.464] [ERROR] [e64ee0d8-a5fd-4e76-ba78-a8d330c668ba] [General] Error [Code: E001]
